2020-07-10 10:04:55 上午 [Thread: main][ Class:org.springframework.data.repository.config.RepositoryConfigurationDelegate >> Method: org.springframework.data.repository.config.RepositoryConfigurationDelegate.multipleStoresDetected(RepositoryConfigurationDelegate.java:172) ]
INFO:Multiple Spring Data modules found, entering strict repository configuration mode!
2020-07-10 10:04:55 上午 [Thread: main][ Class:org.springframework.data.repository.config.RepositoryConfigurationDelegate >> Method: org.springframework.data.repository.config.RepositoryConfigurationDelegate.multipleStoresDetected(RepositoryConfigurationDelegate.java:172) ]
INFO:Multiple Spring Data modules found, entering strict repository configuration mode!
2020-07-10 10:04:59 上午 [Thread: main][ Class:com.alibaba.druid.pool.DruidDataSource >> Method: com.alibaba.druid.pool.DruidDataSource.init(DruidDataSource.java:715) ]
INFO:{dataSource-1} inited
2020-07-10 10:05:04 上午 [Thread: main][ Class:org.quartz.impl.StdSchedulerFactory >> Method: org.quartz.impl.StdSchedulerFactory.instantiate(StdSchedulerFactory.java:1208) ]
INFO:Using default implementation for ThreadExecutor
2020-07-10 10:05:04 上午 [Thread: main][ Class:org.quartz.core.SchedulerSignalerImpl >> Method: org.quartz.core.SchedulerSignalerImpl.<init>(SchedulerSignalerImpl.java:61) ]
INFO:Initialized Scheduler Signaller of type: class org.quartz.core.SchedulerSignalerImpl
2020-07-10 10:05:04 上午 [Thread: main][ Class:org.quartz.core.QuartzScheduler >> Method: org.quartz.core.QuartzScheduler.<init>(QuartzScheduler.java:229) ]
INFO:Quartz Scheduler v.2.3.0 created.
2020-07-10 10:05:04 上午 [Thread: main][ Class:org.quartz.simpl.RAMJobStore >> Method: org.quartz.simpl.RAMJobStore.initialize(RAMJobStore.java:155) ]
INFO:RAMJobStore initialized.
2020-07-10 10:05:04 上午 [Thread: main][ Class:org.quartz.core.QuartzScheduler >> Method: org.quartz.core.QuartzScheduler.initialize(QuartzScheduler.java:294) ]
INFO:Scheduler meta-data: Quartz Scheduler (v2.3.0) 'quartzScheduler' with instanceId 'NON_CLUSTERED'
  Scheduler class: 'org.quartz.core.QuartzScheduler' - running locally.
  NOT STARTED.
  Currently in standby mode.
  Number of jobs executed: 0
  Using thread pool 'org.quartz.simpl.SimpleThreadPool' - with 10 threads.
  Using job-store 'org.quartz.simpl.RAMJobStore' - which does not support persistence. and is not clustered.

2020-07-10 10:05:04 上午 [Thread: main][ Class:org.quartz.impl.StdSchedulerFactory >> Method: org.quartz.impl.StdSchedulerFactory.instantiate(StdSchedulerFactory.java:1362) ]
INFO:Quartz scheduler 'quartzScheduler' initialized from an externally provided properties instance.
2020-07-10 10:05:04 上午 [Thread: main][ Class:org.quartz.impl.StdSchedulerFactory >> Method: org.quartz.impl.StdSchedulerFactory.instantiate(StdSchedulerFactory.java:1366) ]
INFO:Quartz scheduler version: 2.3.0
2020-07-10 10:05:04 上午 [Thread: main][ Class:org.quartz.core.QuartzScheduler >> Method: org.quartz.core.QuartzScheduler.setJobFactory(QuartzScheduler.java:2287) ]
INFO:JobFactory set to: org.springframework.boot.autoconfigure.quartz.AutowireCapableBeanJobFactory@4893b980
2020-07-10 10:05:04 上午 [Thread: main][ Class:springfox.documentation.spring.web.plugins.DocumentationPluginsBootstrapper >> Method: springfox.documentation.spring.web.plugins.DocumentationPluginsBootstrapper.start(DocumentationPluginsBootstrapper.java:160) ]
INFO:Context refreshed
2020-07-10 10:05:04 上午 [Thread: main][ Class:springfox.documentation.spring.web.plugins.DocumentationPluginsBootstrapper >> Method: springfox.documentation.spring.web.plugins.DocumentationPluginsBootstrapper.start(DocumentationPluginsBootstrapper.java:163) ]
INFO:Found 1 custom documentation plugin(s)
2020-07-10 10:05:04 上午 [Thread: main][ Class:springfox.documentation.spring.web.scanners.ApiListingReferenceScanner >> Method: springfox.documentation.spring.web.scanners.ApiListingReferenceScanner.scan(ApiListingReferenceScanner.java:41) ]
INFO:Scanning for api listing references
2020-07-10 10:05:04 上午 [Thread: main][ Class:org.quartz.core.QuartzScheduler >> Method: org.quartz.core.QuartzScheduler.start(QuartzScheduler.java:547) ]
INFO:Scheduler quartzScheduler_$_NON_CLUSTERED started.
2020-07-10 10:05:04 上午 [Thread: Thread-2][ Class:org.quartz.core.QuartzScheduler >> Method: org.quartz.core.QuartzScheduler.standby(QuartzScheduler.java:585) ]
INFO:Scheduler quartzScheduler_$_NON_CLUSTERED paused.
2020-07-10 10:05:04 上午 [Thread: Thread-2][ Class:org.quartz.core.QuartzScheduler >> Method: org.quartz.core.QuartzScheduler.shutdown(QuartzScheduler.java:666) ]
INFO:Scheduler quartzScheduler_$_NON_CLUSTERED shutting down.
2020-07-10 10:05:04 上午 [Thread: Thread-2][ Class:org.quartz.core.QuartzScheduler >> Method: org.quartz.core.QuartzScheduler.standby(QuartzScheduler.java:585) ]
INFO:Scheduler quartzScheduler_$_NON_CLUSTERED paused.
2020-07-10 10:05:04 上午 [Thread: Thread-2][ Class:org.quartz.core.QuartzScheduler >> Method: org.quartz.core.QuartzScheduler.shutdown(QuartzScheduler.java:740) ]
INFO:Scheduler quartzScheduler_$_NON_CLUSTERED shutdown complete.
2020-07-10 10:05:04 上午 [Thread: Thread-2][ Class:com.alibaba.druid.pool.DruidDataSource >> Method: com.alibaba.druid.pool.DruidDataSource.close(DruidDataSource.java:1444) ]
INFO:{dataSource-1} closed
2020-07-10 10:05:50 上午 [Thread: main][ Class:org.springframework.data.repository.config.RepositoryConfigurationDelegate >> Method: org.springframework.data.repository.config.RepositoryConfigurationDelegate.multipleStoresDetected(RepositoryConfigurationDelegate.java:172) ]
INFO:Multiple Spring Data modules found, entering strict repository configuration mode!
2020-07-10 10:05:51 上午 [Thread: main][ Class:org.springframework.data.repository.config.RepositoryConfigurationDelegate >> Method: org.springframework.data.repository.config.RepositoryConfigurationDelegate.multipleStoresDetected(RepositoryConfigurationDelegate.java:172) ]
INFO:Multiple Spring Data modules found, entering strict repository configuration mode!
2020-07-10 10:05:54 上午 [Thread: main][ Class:com.alibaba.druid.pool.DruidDataSource >> Method: com.alibaba.druid.pool.DruidDataSource.init(DruidDataSource.java:715) ]
INFO:{dataSource-1} inited
2020-07-10 10:05:59 上午 [Thread: main][ Class:org.quartz.impl.StdSchedulerFactory >> Method: org.quartz.impl.StdSchedulerFactory.instantiate(StdSchedulerFactory.java:1208) ]
INFO:Using default implementation for ThreadExecutor
2020-07-10 10:05:59 上午 [Thread: main][ Class:org.quartz.core.SchedulerSignalerImpl >> Method: org.quartz.core.SchedulerSignalerImpl.<init>(SchedulerSignalerImpl.java:61) ]
INFO:Initialized Scheduler Signaller of type: class org.quartz.core.SchedulerSignalerImpl
2020-07-10 10:05:59 上午 [Thread: main][ Class:org.quartz.core.QuartzScheduler >> Method: org.quartz.core.QuartzScheduler.<init>(QuartzScheduler.java:229) ]
INFO:Quartz Scheduler v.2.3.0 created.
2020-07-10 10:05:59 上午 [Thread: main][ Class:org.quartz.simpl.RAMJobStore >> Method: org.quartz.simpl.RAMJobStore.initialize(RAMJobStore.java:155) ]
INFO:RAMJobStore initialized.
2020-07-10 10:05:59 上午 [Thread: main][ Class:org.quartz.core.QuartzScheduler >> Method: org.quartz.core.QuartzScheduler.initialize(QuartzScheduler.java:294) ]
INFO:Scheduler meta-data: Quartz Scheduler (v2.3.0) 'quartzScheduler' with instanceId 'NON_CLUSTERED'
  Scheduler class: 'org.quartz.core.QuartzScheduler' - running locally.
  NOT STARTED.
  Currently in standby mode.
  Number of jobs executed: 0
  Using thread pool 'org.quartz.simpl.SimpleThreadPool' - with 10 threads.
  Using job-store 'org.quartz.simpl.RAMJobStore' - which does not support persistence. and is not clustered.

2020-07-10 10:05:59 上午 [Thread: main][ Class:org.quartz.impl.StdSchedulerFactory >> Method: org.quartz.impl.StdSchedulerFactory.instantiate(StdSchedulerFactory.java:1362) ]
INFO:Quartz scheduler 'quartzScheduler' initialized from an externally provided properties instance.
2020-07-10 10:05:59 上午 [Thread: main][ Class:org.quartz.impl.StdSchedulerFactory >> Method: org.quartz.impl.StdSchedulerFactory.instantiate(StdSchedulerFactory.java:1366) ]
INFO:Quartz scheduler version: 2.3.0
2020-07-10 10:05:59 上午 [Thread: main][ Class:org.quartz.core.QuartzScheduler >> Method: org.quartz.core.QuartzScheduler.setJobFactory(QuartzScheduler.java:2287) ]
INFO:JobFactory set to: org.springframework.boot.autoconfigure.quartz.AutowireCapableBeanJobFactory@6ecd9708
2020-07-10 10:05:59 上午 [Thread: main][ Class:springfox.documentation.spring.web.plugins.DocumentationPluginsBootstrapper >> Method: springfox.documentation.spring.web.plugins.DocumentationPluginsBootstrapper.start(DocumentationPluginsBootstrapper.java:160) ]
INFO:Context refreshed
2020-07-10 10:05:59 上午 [Thread: main][ Class:springfox.documentation.spring.web.plugins.DocumentationPluginsBootstrapper >> Method: springfox.documentation.spring.web.plugins.DocumentationPluginsBootstrapper.start(DocumentationPluginsBootstrapper.java:163) ]
INFO:Found 1 custom documentation plugin(s)
2020-07-10 10:05:59 上午 [Thread: main][ Class:springfox.documentation.spring.web.scanners.ApiListingReferenceScanner >> Method: springfox.documentation.spring.web.scanners.ApiListingReferenceScanner.scan(ApiListingReferenceScanner.java:41) ]
INFO:Scanning for api listing references
2020-07-10 10:05:59 上午 [Thread: main][ Class:org.quartz.core.QuartzScheduler >> Method: org.quartz.core.QuartzScheduler.start(QuartzScheduler.java:547) ]
INFO:Scheduler quartzScheduler_$_NON_CLUSTERED started.
2020-07-10 10:06:01 上午 [Thread: Thread-2][ Class:org.quartz.core.QuartzScheduler >> Method: org.quartz.core.QuartzScheduler.standby(QuartzScheduler.java:585) ]
INFO:Scheduler quartzScheduler_$_NON_CLUSTERED paused.
2020-07-10 10:06:01 上午 [Thread: Thread-2][ Class:org.quartz.core.QuartzScheduler >> Method: org.quartz.core.QuartzScheduler.shutdown(QuartzScheduler.java:666) ]
INFO:Scheduler quartzScheduler_$_NON_CLUSTERED shutting down.
2020-07-10 10:06:01 上午 [Thread: Thread-2][ Class:org.quartz.core.QuartzScheduler >> Method: org.quartz.core.QuartzScheduler.standby(QuartzScheduler.java:585) ]
INFO:Scheduler quartzScheduler_$_NON_CLUSTERED paused.
2020-07-10 10:06:01 上午 [Thread: Thread-2][ Class:org.quartz.core.QuartzScheduler >> Method: org.quartz.core.QuartzScheduler.shutdown(QuartzScheduler.java:740) ]
INFO:Scheduler quartzScheduler_$_NON_CLUSTERED shutdown complete.
2020-07-10 10:06:01 上午 [Thread: Thread-2][ Class:com.alibaba.druid.pool.DruidDataSource >> Method: com.alibaba.druid.pool.DruidDataSource.close(DruidDataSource.java:1444) ]
INFO:{dataSource-1} closed
2020-07-10 11:49:04 上午 [Thread: main][ Class:org.springframework.data.repository.config.RepositoryConfigurationDelegate >> Method: org.springframework.data.repository.config.RepositoryConfigurationDelegate.multipleStoresDetected(RepositoryConfigurationDelegate.java:172) ]
INFO:Multiple Spring Data modules found, entering strict repository configuration mode!
2020-07-10 11:49:04 上午 [Thread: main][ Class:org.springframework.data.repository.config.RepositoryConfigurationDelegate >> Method: org.springframework.data.repository.config.RepositoryConfigurationDelegate.multipleStoresDetected(RepositoryConfigurationDelegate.java:172) ]
INFO:Multiple Spring Data modules found, entering strict repository configuration mode!
2020-07-10 11:49:07 上午 [Thread: main][ Class:com.alibaba.druid.pool.DruidDataSource >> Method: com.alibaba.druid.pool.DruidDataSource.init(DruidDataSource.java:715) ]
INFO:{dataSource-1} inited
2020-07-10 11:49:10 上午 [Thread: main][ Class:org.quartz.impl.StdSchedulerFactory >> Method: org.quartz.impl.StdSchedulerFactory.instantiate(StdSchedulerFactory.java:1208) ]
INFO:Using default implementation for ThreadExecutor
2020-07-10 11:49:10 上午 [Thread: main][ Class:org.quartz.core.SchedulerSignalerImpl >> Method: org.quartz.core.SchedulerSignalerImpl.<init>(SchedulerSignalerImpl.java:61) ]
INFO:Initialized Scheduler Signaller of type: class org.quartz.core.SchedulerSignalerImpl
2020-07-10 11:49:10 上午 [Thread: main][ Class:org.quartz.core.QuartzScheduler >> Method: org.quartz.core.QuartzScheduler.<init>(QuartzScheduler.java:229) ]
INFO:Quartz Scheduler v.2.3.0 created.
2020-07-10 11:49:10 上午 [Thread: main][ Class:org.quartz.simpl.RAMJobStore >> Method: org.quartz.simpl.RAMJobStore.initialize(RAMJobStore.java:155) ]
INFO:RAMJobStore initialized.
2020-07-10 11:49:10 上午 [Thread: main][ Class:org.quartz.core.QuartzScheduler >> Method: org.quartz.core.QuartzScheduler.initialize(QuartzScheduler.java:294) ]
INFO:Scheduler meta-data: Quartz Scheduler (v2.3.0) 'scheduler' with instanceId 'NON_CLUSTERED'
  Scheduler class: 'org.quartz.core.QuartzScheduler' - running locally.
  NOT STARTED.
  Currently in standby mode.
  Number of jobs executed: 0
  Using thread pool 'org.quartz.simpl.SimpleThreadPool' - with 10 threads.
  Using job-store 'org.quartz.simpl.RAMJobStore' - which does not support persistence. and is not clustered.

2020-07-10 11:49:10 上午 [Thread: main][ Class:org.quartz.impl.StdSchedulerFactory >> Method: org.quartz.impl.StdSchedulerFactory.instantiate(StdSchedulerFactory.java:1362) ]
INFO:Quartz scheduler 'scheduler' initialized from an externally provided properties instance.
2020-07-10 11:49:10 上午 [Thread: main][ Class:org.quartz.impl.StdSchedulerFactory >> Method: org.quartz.impl.StdSchedulerFactory.instantiate(StdSchedulerFactory.java:1366) ]
INFO:Quartz scheduler version: 2.3.0
2020-07-10 11:49:10 上午 [Thread: main][ Class:org.quartz.core.QuartzScheduler >> Method: org.quartz.core.QuartzScheduler.setJobFactory(QuartzScheduler.java:2287) ]
INFO:JobFactory set to: org.springframework.scheduling.quartz.AdaptableJobFactory@4faaf13a
2020-07-10 11:49:12 上午 [Thread: main][ Class:springfox.documentation.spring.web.plugins.DocumentationPluginsBootstrapper >> Method: springfox.documentation.spring.web.plugins.DocumentationPluginsBootstrapper.start(DocumentationPluginsBootstrapper.java:160) ]
INFO:Context refreshed
2020-07-10 11:49:12 上午 [Thread: main][ Class:springfox.documentation.spring.web.plugins.DocumentationPluginsBootstrapper >> Method: springfox.documentation.spring.web.plugins.DocumentationPluginsBootstrapper.start(DocumentationPluginsBootstrapper.java:163) ]
INFO:Found 1 custom documentation plugin(s)
2020-07-10 11:49:12 上午 [Thread: main][ Class:springfox.documentation.spring.web.scanners.ApiListingReferenceScanner >> Method: springfox.documentation.spring.web.scanners.ApiListingReferenceScanner.scan(ApiListingReferenceScanner.java:41) ]
INFO:Scanning for api listing references
2020-07-10 11:49:12 上午 [Thread: Thread-3][ Class:org.quartz.core.QuartzScheduler >> Method: org.quartz.core.QuartzScheduler.shutdown(QuartzScheduler.java:666) ]
INFO:Scheduler scheduler_$_NON_CLUSTERED shutting down.
2020-07-10 11:49:12 上午 [Thread: Thread-3][ Class:org.quartz.core.QuartzScheduler >> Method: org.quartz.core.QuartzScheduler.standby(QuartzScheduler.java:585) ]
INFO:Scheduler scheduler_$_NON_CLUSTERED paused.
2020-07-10 11:49:12 上午 [Thread: Thread-3][ Class:org.quartz.core.QuartzScheduler >> Method: org.quartz.core.QuartzScheduler.shutdown(QuartzScheduler.java:740) ]
INFO:Scheduler scheduler_$_NON_CLUSTERED shutdown complete.
2020-07-10 11:49:12 上午 [Thread: Thread-3][ Class:com.alibaba.druid.pool.DruidDataSource >> Method: com.alibaba.druid.pool.DruidDataSource.close(DruidDataSource.java:1444) ]
INFO:{dataSource-1} closed
2020-07-10 11:50:04 上午 [Thread: main][ Class:org.springframework.data.repository.config.RepositoryConfigurationDelegate >> Method: org.springframework.data.repository.config.RepositoryConfigurationDelegate.multipleStoresDetected(RepositoryConfigurationDelegate.java:172) ]
INFO:Multiple Spring Data modules found, entering strict repository configuration mode!
2020-07-10 11:50:04 上午 [Thread: main][ Class:org.springframework.data.repository.config.RepositoryConfigurationDelegate >> Method: org.springframework.data.repository.config.RepositoryConfigurationDelegate.multipleStoresDetected(RepositoryConfigurationDelegate.java:172) ]
INFO:Multiple Spring Data modules found, entering strict repository configuration mode!
2020-07-10 11:50:07 上午 [Thread: main][ Class:com.alibaba.druid.pool.DruidDataSource >> Method: com.alibaba.druid.pool.DruidDataSource.init(DruidDataSource.java:715) ]
INFO:{dataSource-1} inited
2020-07-10 11:50:10 上午 [Thread: main][ Class:org.quartz.impl.StdSchedulerFactory >> Method: org.quartz.impl.StdSchedulerFactory.instantiate(StdSchedulerFactory.java:1208) ]
INFO:Using default implementation for ThreadExecutor
2020-07-10 11:50:10 上午 [Thread: main][ Class:org.quartz.core.SchedulerSignalerImpl >> Method: org.quartz.core.SchedulerSignalerImpl.<init>(SchedulerSignalerImpl.java:61) ]
INFO:Initialized Scheduler Signaller of type: class org.quartz.core.SchedulerSignalerImpl
2020-07-10 11:50:10 上午 [Thread: main][ Class:org.quartz.core.QuartzScheduler >> Method: org.quartz.core.QuartzScheduler.<init>(QuartzScheduler.java:229) ]
INFO:Quartz Scheduler v.2.3.0 created.
2020-07-10 11:50:10 上午 [Thread: main][ Class:org.quartz.simpl.RAMJobStore >> Method: org.quartz.simpl.RAMJobStore.initialize(RAMJobStore.java:155) ]
INFO:RAMJobStore initialized.
2020-07-10 11:50:10 上午 [Thread: main][ Class:org.quartz.core.QuartzScheduler >> Method: org.quartz.core.QuartzScheduler.initialize(QuartzScheduler.java:294) ]
INFO:Scheduler meta-data: Quartz Scheduler (v2.3.0) 'scheduler' with instanceId 'NON_CLUSTERED'
  Scheduler class: 'org.quartz.core.QuartzScheduler' - running locally.
  NOT STARTED.
  Currently in standby mode.
  Number of jobs executed: 0
  Using thread pool 'org.quartz.simpl.SimpleThreadPool' - with 10 threads.
  Using job-store 'org.quartz.simpl.RAMJobStore' - which does not support persistence. and is not clustered.

2020-07-10 11:50:10 上午 [Thread: main][ Class:org.quartz.impl.StdSchedulerFactory >> Method: org.quartz.impl.StdSchedulerFactory.instantiate(StdSchedulerFactory.java:1362) ]
INFO:Quartz scheduler 'scheduler' initialized from an externally provided properties instance.
2020-07-10 11:50:10 上午 [Thread: main][ Class:org.quartz.impl.StdSchedulerFactory >> Method: org.quartz.impl.StdSchedulerFactory.instantiate(StdSchedulerFactory.java:1366) ]
INFO:Quartz scheduler version: 2.3.0
2020-07-10 11:50:10 上午 [Thread: main][ Class:org.quartz.core.QuartzScheduler >> Method: org.quartz.core.QuartzScheduler.setJobFactory(QuartzScheduler.java:2287) ]
INFO:JobFactory set to: org.springframework.scheduling.quartz.AdaptableJobFactory@2b84d474
2020-07-10 11:50:12 上午 [Thread: main][ Class:springfox.documentation.spring.web.plugins.DocumentationPluginsBootstrapper >> Method: springfox.documentation.spring.web.plugins.DocumentationPluginsBootstrapper.start(DocumentationPluginsBootstrapper.java:160) ]
INFO:Context refreshed
2020-07-10 11:50:12 上午 [Thread: main][ Class:springfox.documentation.spring.web.plugins.DocumentationPluginsBootstrapper >> Method: springfox.documentation.spring.web.plugins.DocumentationPluginsBootstrapper.start(DocumentationPluginsBootstrapper.java:163) ]
INFO:Found 1 custom documentation plugin(s)
2020-07-10 11:50:12 上午 [Thread: main][ Class:springfox.documentation.spring.web.scanners.ApiListingReferenceScanner >> Method: springfox.documentation.spring.web.scanners.ApiListingReferenceScanner.scan(ApiListingReferenceScanner.java:41) ]
INFO:Scanning for api listing references
2020-07-10 11:50:12 上午 [Thread: main][ Class:io.lettuce.core.EpollProvider >> Method: io.lettuce.core.EpollProvider.<clinit>(EpollProvider.java:68) ]
INFO:Starting without optional epoll library
2020-07-10 11:50:12 上午 [Thread: main][ Class:io.lettuce.core.KqueueProvider >> Method: io.lettuce.core.KqueueProvider.<clinit>(KqueueProvider.java:70) ]
INFO:Starting without optional kqueue library
2020-07-10 11:50:13 上午 [Thread: Quartz Scheduler [scheduler]][ Class:org.quartz.core.QuartzScheduler >> Method: org.quartz.core.QuartzScheduler.start(QuartzScheduler.java:547) ]
INFO:Scheduler scheduler_$_NON_CLUSTERED started.
2020-07-10 11:50:13 上午 [Thread: Thread-3][ Class:org.quartz.core.QuartzScheduler >> Method: org.quartz.core.QuartzScheduler.standby(QuartzScheduler.java:585) ]
INFO:Scheduler scheduler_$_NON_CLUSTERED paused.
2020-07-10 11:50:13 上午 [Thread: Thread-3][ Class:org.quartz.core.QuartzScheduler >> Method: org.quartz.core.QuartzScheduler.shutdown(QuartzScheduler.java:666) ]
INFO:Scheduler scheduler_$_NON_CLUSTERED shutting down.
2020-07-10 11:50:13 上午 [Thread: Thread-3][ Class:org.quartz.core.QuartzScheduler >> Method: org.quartz.core.QuartzScheduler.standby(QuartzScheduler.java:585) ]
INFO:Scheduler scheduler_$_NON_CLUSTERED paused.
2020-07-10 11:50:13 上午 [Thread: Thread-3][ Class:org.quartz.core.QuartzScheduler >> Method: org.quartz.core.QuartzScheduler.shutdown(QuartzScheduler.java:740) ]
INFO:Scheduler scheduler_$_NON_CLUSTERED shutdown complete.
2020-07-10 11:50:14 上午 [Thread: Thread-3][ Class:com.alibaba.druid.pool.DruidDataSource >> Method: com.alibaba.druid.pool.DruidDataSource.close(DruidDataSource.java:1444) ]
INFO:{dataSource-1} closed
2020-07-10 11:50:37 上午 [Thread: main][ Class:org.springframework.data.repository.config.RepositoryConfigurationDelegate >> Method: org.springframework.data.repository.config.RepositoryConfigurationDelegate.multipleStoresDetected(RepositoryConfigurationDelegate.java:172) ]
INFO:Multiple Spring Data modules found, entering strict repository configuration mode!
2020-07-10 11:50:37 上午 [Thread: main][ Class:org.springframework.data.repository.config.RepositoryConfigurationDelegate >> Method: org.springframework.data.repository.config.RepositoryConfigurationDelegate.multipleStoresDetected(RepositoryConfigurationDelegate.java:172) ]
INFO:Multiple Spring Data modules found, entering strict repository configuration mode!
2020-07-10 11:50:40 上午 [Thread: main][ Class:com.alibaba.druid.pool.DruidDataSource >> Method: com.alibaba.druid.pool.DruidDataSource.init(DruidDataSource.java:715) ]
INFO:{dataSource-1} inited
2020-07-10 11:50:43 上午 [Thread: main][ Class:org.quartz.impl.StdSchedulerFactory >> Method: org.quartz.impl.StdSchedulerFactory.instantiate(StdSchedulerFactory.java:1208) ]
INFO:Using default implementation for ThreadExecutor
2020-07-10 11:50:43 上午 [Thread: main][ Class:org.quartz.core.SchedulerSignalerImpl >> Method: org.quartz.core.SchedulerSignalerImpl.<init>(SchedulerSignalerImpl.java:61) ]
INFO:Initialized Scheduler Signaller of type: class org.quartz.core.SchedulerSignalerImpl
2020-07-10 11:50:43 上午 [Thread: main][ Class:org.quartz.core.QuartzScheduler >> Method: org.quartz.core.QuartzScheduler.<init>(QuartzScheduler.java:229) ]
INFO:Quartz Scheduler v.2.3.0 created.
2020-07-10 11:50:43 上午 [Thread: main][ Class:org.quartz.simpl.RAMJobStore >> Method: org.quartz.simpl.RAMJobStore.initialize(RAMJobStore.java:155) ]
INFO:RAMJobStore initialized.
2020-07-10 11:50:43 上午 [Thread: main][ Class:org.quartz.core.QuartzScheduler >> Method: org.quartz.core.QuartzScheduler.initialize(QuartzScheduler.java:294) ]
INFO:Scheduler meta-data: Quartz Scheduler (v2.3.0) 'scheduler' with instanceId 'NON_CLUSTERED'
  Scheduler class: 'org.quartz.core.QuartzScheduler' - running locally.
  NOT STARTED.
  Currently in standby mode.
  Number of jobs executed: 0
  Using thread pool 'org.quartz.simpl.SimpleThreadPool' - with 10 threads.
  Using job-store 'org.quartz.simpl.RAMJobStore' - which does not support persistence. and is not clustered.

2020-07-10 11:50:43 上午 [Thread: main][ Class:org.quartz.impl.StdSchedulerFactory >> Method: org.quartz.impl.StdSchedulerFactory.instantiate(StdSchedulerFactory.java:1362) ]
INFO:Quartz scheduler 'scheduler' initialized from an externally provided properties instance.
2020-07-10 11:50:43 上午 [Thread: main][ Class:org.quartz.impl.StdSchedulerFactory >> Method: org.quartz.impl.StdSchedulerFactory.instantiate(StdSchedulerFactory.java:1366) ]
INFO:Quartz scheduler version: 2.3.0
2020-07-10 11:50:43 上午 [Thread: main][ Class:org.quartz.core.QuartzScheduler >> Method: org.quartz.core.QuartzScheduler.setJobFactory(QuartzScheduler.java:2287) ]
INFO:JobFactory set to: org.springframework.scheduling.quartz.AdaptableJobFactory@5ea4d07f
2020-07-10 11:50:46 上午 [Thread: main][ Class:springfox.documentation.spring.web.plugins.DocumentationPluginsBootstrapper >> Method: springfox.documentation.spring.web.plugins.DocumentationPluginsBootstrapper.start(DocumentationPluginsBootstrapper.java:160) ]
INFO:Context refreshed
2020-07-10 11:50:46 上午 [Thread: main][ Class:springfox.documentation.spring.web.plugins.DocumentationPluginsBootstrapper >> Method: springfox.documentation.spring.web.plugins.DocumentationPluginsBootstrapper.start(DocumentationPluginsBootstrapper.java:163) ]
INFO:Found 1 custom documentation plugin(s)
2020-07-10 11:50:46 上午 [Thread: main][ Class:springfox.documentation.spring.web.scanners.ApiListingReferenceScanner >> Method: springfox.documentation.spring.web.scanners.ApiListingReferenceScanner.scan(ApiListingReferenceScanner.java:41) ]
INFO:Scanning for api listing references
2020-07-10 11:50:48 上午 [Thread: Quartz Scheduler [scheduler]][ Class:org.quartz.core.QuartzScheduler >> Method: org.quartz.core.QuartzScheduler.start(QuartzScheduler.java:547) ]
INFO:Scheduler scheduler_$_NON_CLUSTERED started.
2020-07-10 11:50:49 上午 [Thread: scheduler_Worker-1][ Class:io.lettuce.core.EpollProvider >> Method: io.lettuce.core.EpollProvider.<clinit>(EpollProvider.java:68) ]
INFO:Starting without optional epoll library
2020-07-10 11:50:49 上午 [Thread: scheduler_Worker-1][ Class:io.lettuce.core.KqueueProvider >> Method: io.lettuce.core.KqueueProvider.<clinit>(KqueueProvider.java:70) ]
INFO:Starting without optional kqueue library
2020-07-10 13:16:56 下午 [Thread: Thread-3][ Class:org.quartz.core.QuartzScheduler >> Method: org.quartz.core.QuartzScheduler.standby(QuartzScheduler.java:585) ]
INFO:Scheduler scheduler_$_NON_CLUSTERED paused.
2020-07-10 13:16:56 下午 [Thread: Thread-3][ Class:org.quartz.core.QuartzScheduler >> Method: org.quartz.core.QuartzScheduler.shutdown(QuartzScheduler.java:666) ]
INFO:Scheduler scheduler_$_NON_CLUSTERED shutting down.
2020-07-10 13:16:56 下午 [Thread: Thread-3][ Class:org.quartz.core.QuartzScheduler >> Method: org.quartz.core.QuartzScheduler.standby(QuartzScheduler.java:585) ]
INFO:Scheduler scheduler_$_NON_CLUSTERED paused.
2020-07-10 13:16:56 下午 [Thread: Thread-3][ Class:org.quartz.core.QuartzScheduler >> Method: org.quartz.core.QuartzScheduler.shutdown(QuartzScheduler.java:740) ]
INFO:Scheduler scheduler_$_NON_CLUSTERED shutdown complete.
2020-07-10 13:16:57 下午 [Thread: scheduler_Worker-1][ Class:org.quartz.core.JobRunShell >> Method: org.quartz.core.JobRunShell.run(JobRunShell.java:211) ]
ERROR:Job DEFAULT.firstJobDetail threw an unhandled Exception: 
org.springframework.scheduling.quartz.JobMethodInvocationFailedException: Invocation of method 'crtTask' on target class [class com.vingsoft.oa.config.quartz.KnowledgeCrtTask] failed; nested exception is java.lang.ClassCastException: com.alibaba.fastjson.JSONArray cannot be cast to com.alibaba.fastjson.JSONObject
	at org.springframework.scheduling.quartz.MethodInvokingJobDetailFactoryBean$MethodInvokingJob.executeInternal(MethodInvokingJobDetailFactoryBean.java:276)
	at org.springframework.scheduling.quartz.QuartzJobBean.execute(QuartzJobBean.java:75)
	at org.quartz.core.JobRunShell.run(JobRunShell.java:202)
	at org.quartz.simpl.SimpleThreadPool$WorkerThread.run(SimpleThreadPool.java:573)
Caused by: java.lang.ClassCastException: com.alibaba.fastjson.JSONArray cannot be cast to com.alibaba.fastjson.JSONObject
	at com.alibaba.fastjson.JSON.parseObject(JSON.java:175)
	at com.vingsoft.oa.config.quartz.KnowledgeCrtTask.crtTask(KnowledgeCrtTask.java:35)
	at sun.reflect.NativeMethodAccessorImpl.invoke0(Native Method)
	at sun.reflect.NativeMethodAccessorImpl.invoke(NativeMethodAccessorImpl.java:62)
	at sun.reflect.DelegatingMethodAccessorImpl.invoke(DelegatingMethodAccessorImpl.java:43)
	at java.lang.reflect.Method.invoke(Method.java:498)
	at org.springframework.util.MethodInvoker.invoke(MethodInvoker.java:280)
	at org.springframework.scheduling.quartz.MethodInvokingJobDetailFactoryBean$MethodInvokingJob.executeInternal(MethodInvokingJobDetailFactoryBean.java:267)
	... 3 more
2020-07-10 13:16:57 下午 [Thread: scheduler_Worker-1][ Class:org.quartz.core.ErrorLogger >> Method: org.quartz.core.ErrorLogger.schedulerError(QuartzScheduler.java:2401) ]
ERROR:Job (DEFAULT.firstJobDetail threw an exception.
org.quartz.SchedulerException: Job threw an unhandled exception. [See nested exception: org.springframework.scheduling.quartz.JobMethodInvocationFailedException: Invocation of method 'crtTask' on target class [class com.vingsoft.oa.config.quartz.KnowledgeCrtTask] failed; nested exception is java.lang.ClassCastException: com.alibaba.fastjson.JSONArray cannot be cast to com.alibaba.fastjson.JSONObject]
	at org.quartz.core.JobRunShell.run(JobRunShell.java:213)
	at org.quartz.simpl.SimpleThreadPool$WorkerThread.run(SimpleThreadPool.java:573)
Caused by: org.springframework.scheduling.quartz.JobMethodInvocationFailedException: Invocation of method 'crtTask' on target class [class com.vingsoft.oa.config.quartz.KnowledgeCrtTask] failed; nested exception is java.lang.ClassCastException: com.alibaba.fastjson.JSONArray cannot be cast to com.alibaba.fastjson.JSONObject
	at org.springframework.scheduling.quartz.MethodInvokingJobDetailFactoryBean$MethodInvokingJob.executeInternal(MethodInvokingJobDetailFactoryBean.java:276)
	at org.springframework.scheduling.quartz.QuartzJobBean.execute(QuartzJobBean.java:75)
	at org.quartz.core.JobRunShell.run(JobRunShell.java:202)
	... 1 more
Caused by: java.lang.ClassCastException: com.alibaba.fastjson.JSONArray cannot be cast to com.alibaba.fastjson.JSONObject
	at com.alibaba.fastjson.JSON.parseObject(JSON.java:175)
	at com.vingsoft.oa.config.quartz.KnowledgeCrtTask.crtTask(KnowledgeCrtTask.java:35)
	at sun.reflect.NativeMethodAccessorImpl.invoke0(Native Method)
	at sun.reflect.NativeMethodAccessorImpl.invoke(NativeMethodAccessorImpl.java:62)
	at sun.reflect.DelegatingMethodAccessorImpl.invoke(DelegatingMethodAccessorImpl.java:43)
	at java.lang.reflect.Method.invoke(Method.java:498)
	at org.springframework.util.MethodInvoker.invoke(MethodInvoker.java:280)
	at org.springframework.scheduling.quartz.MethodInvokingJobDetailFactoryBean$MethodInvokingJob.executeInternal(MethodInvokingJobDetailFactoryBean.java:267)
	... 3 more
2020-07-10 13:16:58 下午 [Thread: Thread-3][ Class:com.alibaba.druid.pool.DruidDataSource >> Method: com.alibaba.druid.pool.DruidDataSource.close(DruidDataSource.java:1444) ]
INFO:{dataSource-1} closed
2020-07-10 13:21:55 下午 [Thread: main][ Class:org.springframework.data.repository.config.RepositoryConfigurationDelegate >> Method: org.springframework.data.repository.config.RepositoryConfigurationDelegate.multipleStoresDetected(RepositoryConfigurationDelegate.java:172) ]
INFO:Multiple Spring Data modules found, entering strict repository configuration mode!
2020-07-10 13:21:55 下午 [Thread: main][ Class:org.springframework.data.repository.config.RepositoryConfigurationDelegate >> Method: org.springframework.data.repository.config.RepositoryConfigurationDelegate.multipleStoresDetected(RepositoryConfigurationDelegate.java:172) ]
INFO:Multiple Spring Data modules found, entering strict repository configuration mode!
2020-07-10 13:21:58 下午 [Thread: main][ Class:com.alibaba.druid.pool.DruidDataSource >> Method: com.alibaba.druid.pool.DruidDataSource.init(DruidDataSource.java:715) ]
INFO:{dataSource-1} inited
2020-07-10 13:22:01 下午 [Thread: main][ Class:org.quartz.impl.StdSchedulerFactory >> Method: org.quartz.impl.StdSchedulerFactory.instantiate(StdSchedulerFactory.java:1208) ]
INFO:Using default implementation for ThreadExecutor
2020-07-10 13:22:01 下午 [Thread: main][ Class:org.quartz.core.SchedulerSignalerImpl >> Method: org.quartz.core.SchedulerSignalerImpl.<init>(SchedulerSignalerImpl.java:61) ]
INFO:Initialized Scheduler Signaller of type: class org.quartz.core.SchedulerSignalerImpl
2020-07-10 13:22:01 下午 [Thread: main][ Class:org.quartz.core.QuartzScheduler >> Method: org.quartz.core.QuartzScheduler.<init>(QuartzScheduler.java:229) ]
INFO:Quartz Scheduler v.2.3.0 created.
2020-07-10 13:22:01 下午 [Thread: main][ Class:org.quartz.simpl.RAMJobStore >> Method: org.quartz.simpl.RAMJobStore.initialize(RAMJobStore.java:155) ]
INFO:RAMJobStore initialized.
2020-07-10 13:22:01 下午 [Thread: main][ Class:org.quartz.core.QuartzScheduler >> Method: org.quartz.core.QuartzScheduler.initialize(QuartzScheduler.java:294) ]
INFO:Scheduler meta-data: Quartz Scheduler (v2.3.0) 'scheduler' with instanceId 'NON_CLUSTERED'
  Scheduler class: 'org.quartz.core.QuartzScheduler' - running locally.
  NOT STARTED.
  Currently in standby mode.
  Number of jobs executed: 0
  Using thread pool 'org.quartz.simpl.SimpleThreadPool' - with 10 threads.
  Using job-store 'org.quartz.simpl.RAMJobStore' - which does not support persistence. and is not clustered.

2020-07-10 13:22:01 下午 [Thread: main][ Class:org.quartz.impl.StdSchedulerFactory >> Method: org.quartz.impl.StdSchedulerFactory.instantiate(StdSchedulerFactory.java:1362) ]
INFO:Quartz scheduler 'scheduler' initialized from an externally provided properties instance.
2020-07-10 13:22:01 下午 [Thread: main][ Class:org.quartz.impl.StdSchedulerFactory >> Method: org.quartz.impl.StdSchedulerFactory.instantiate(StdSchedulerFactory.java:1366) ]
INFO:Quartz scheduler version: 2.3.0
2020-07-10 13:22:01 下午 [Thread: main][ Class:org.quartz.core.QuartzScheduler >> Method: org.quartz.core.QuartzScheduler.setJobFactory(QuartzScheduler.java:2287) ]
INFO:JobFactory set to: org.springframework.scheduling.quartz.AdaptableJobFactory@2b84d474
2020-07-10 13:22:03 下午 [Thread: main][ Class:springfox.documentation.spring.web.plugins.DocumentationPluginsBootstrapper >> Method: springfox.documentation.spring.web.plugins.DocumentationPluginsBootstrapper.start(DocumentationPluginsBootstrapper.java:160) ]
INFO:Context refreshed
2020-07-10 13:22:03 下午 [Thread: main][ Class:springfox.documentation.spring.web.plugins.DocumentationPluginsBootstrapper >> Method: springfox.documentation.spring.web.plugins.DocumentationPluginsBootstrapper.start(DocumentationPluginsBootstrapper.java:163) ]
INFO:Found 1 custom documentation plugin(s)
2020-07-10 13:22:03 下午 [Thread: main][ Class:springfox.documentation.spring.web.scanners.ApiListingReferenceScanner >> Method: springfox.documentation.spring.web.scanners.ApiListingReferenceScanner.scan(ApiListingReferenceScanner.java:41) ]
INFO:Scanning for api listing references
2020-07-10 13:22:03 下午 [Thread: main][ Class:io.lettuce.core.EpollProvider >> Method: io.lettuce.core.EpollProvider.<clinit>(EpollProvider.java:68) ]
INFO:Starting without optional epoll library
2020-07-10 13:22:03 下午 [Thread: main][ Class:io.lettuce.core.KqueueProvider >> Method: io.lettuce.core.KqueueProvider.<clinit>(KqueueProvider.java:70) ]
INFO:Starting without optional kqueue library
2020-07-10 13:22:04 下午 [Thread: Thread-3][ Class:org.quartz.core.QuartzScheduler >> Method: org.quartz.core.QuartzScheduler.shutdown(QuartzScheduler.java:666) ]
INFO:Scheduler scheduler_$_NON_CLUSTERED shutting down.
2020-07-10 13:22:04 下午 [Thread: Thread-3][ Class:org.quartz.core.QuartzScheduler >> Method: org.quartz.core.QuartzScheduler.standby(QuartzScheduler.java:585) ]
INFO:Scheduler scheduler_$_NON_CLUSTERED paused.
2020-07-10 13:22:04 下午 [Thread: Thread-3][ Class:org.quartz.core.QuartzScheduler >> Method: org.quartz.core.QuartzScheduler.shutdown(QuartzScheduler.java:740) ]
INFO:Scheduler scheduler_$_NON_CLUSTERED shutdown complete.
2020-07-10 13:22:05 下午 [Thread: Thread-3][ Class:com.alibaba.druid.pool.DruidDataSource >> Method: com.alibaba.druid.pool.DruidDataSource.close(DruidDataSource.java:1444) ]
INFO:{dataSource-1} closed
2020-07-10 13:23:54 下午 [Thread: main][ Class:org.springframework.data.repository.config.RepositoryConfigurationDelegate >> Method: org.springframework.data.repository.config.RepositoryConfigurationDelegate.multipleStoresDetected(RepositoryConfigurationDelegate.java:172) ]
INFO:Multiple Spring Data modules found, entering strict repository configuration mode!
2020-07-10 13:23:54 下午 [Thread: main][ Class:org.springframework.data.repository.config.RepositoryConfigurationDelegate >> Method: org.springframework.data.repository.config.RepositoryConfigurationDelegate.multipleStoresDetected(RepositoryConfigurationDelegate.java:172) ]
INFO:Multiple Spring Data modules found, entering strict repository configuration mode!
2020-07-10 13:23:57 下午 [Thread: main][ Class:com.alibaba.druid.pool.DruidDataSource >> Method: com.alibaba.druid.pool.DruidDataSource.init(DruidDataSource.java:715) ]
INFO:{dataSource-1} inited
2020-07-10 13:24:00 下午 [Thread: main][ Class:org.quartz.impl.StdSchedulerFactory >> Method: org.quartz.impl.StdSchedulerFactory.instantiate(StdSchedulerFactory.java:1208) ]
INFO:Using default implementation for ThreadExecutor
2020-07-10 13:24:00 下午 [Thread: main][ Class:org.quartz.core.SchedulerSignalerImpl >> Method: org.quartz.core.SchedulerSignalerImpl.<init>(SchedulerSignalerImpl.java:61) ]
INFO:Initialized Scheduler Signaller of type: class org.quartz.core.SchedulerSignalerImpl
2020-07-10 13:24:00 下午 [Thread: main][ Class:org.quartz.core.QuartzScheduler >> Method: org.quartz.core.QuartzScheduler.<init>(QuartzScheduler.java:229) ]
INFO:Quartz Scheduler v.2.3.0 created.
2020-07-10 13:24:00 下午 [Thread: main][ Class:org.quartz.simpl.RAMJobStore >> Method: org.quartz.simpl.RAMJobStore.initialize(RAMJobStore.java:155) ]
INFO:RAMJobStore initialized.
2020-07-10 13:24:00 下午 [Thread: main][ Class:org.quartz.core.QuartzScheduler >> Method: org.quartz.core.QuartzScheduler.initialize(QuartzScheduler.java:294) ]
INFO:Scheduler meta-data: Quartz Scheduler (v2.3.0) 'scheduler' with instanceId 'NON_CLUSTERED'
  Scheduler class: 'org.quartz.core.QuartzScheduler' - running locally.
  NOT STARTED.
  Currently in standby mode.
  Number of jobs executed: 0
  Using thread pool 'org.quartz.simpl.SimpleThreadPool' - with 10 threads.
  Using job-store 'org.quartz.simpl.RAMJobStore' - which does not support persistence. and is not clustered.

2020-07-10 13:24:00 下午 [Thread: main][ Class:org.quartz.impl.StdSchedulerFactory >> Method: org.quartz.impl.StdSchedulerFactory.instantiate(StdSchedulerFactory.java:1362) ]
INFO:Quartz scheduler 'scheduler' initialized from an externally provided properties instance.
2020-07-10 13:24:00 下午 [Thread: main][ Class:org.quartz.impl.StdSchedulerFactory >> Method: org.quartz.impl.StdSchedulerFactory.instantiate(StdSchedulerFactory.java:1366) ]
INFO:Quartz scheduler version: 2.3.0
2020-07-10 13:24:00 下午 [Thread: main][ Class:org.quartz.core.QuartzScheduler >> Method: org.quartz.core.QuartzScheduler.setJobFactory(QuartzScheduler.java:2287) ]
INFO:JobFactory set to: org.springframework.scheduling.quartz.AdaptableJobFactory@3dd1f392
2020-07-10 13:24:02 下午 [Thread: main][ Class:springfox.documentation.spring.web.plugins.DocumentationPluginsBootstrapper >> Method: springfox.documentation.spring.web.plugins.DocumentationPluginsBootstrapper.start(DocumentationPluginsBootstrapper.java:160) ]
INFO:Context refreshed
2020-07-10 13:24:02 下午 [Thread: main][ Class:springfox.documentation.spring.web.plugins.DocumentationPluginsBootstrapper >> Method: springfox.documentation.spring.web.plugins.DocumentationPluginsBootstrapper.start(DocumentationPluginsBootstrapper.java:163) ]
INFO:Found 1 custom documentation plugin(s)
2020-07-10 13:24:02 下午 [Thread: main][ Class:springfox.documentation.spring.web.scanners.ApiListingReferenceScanner >> Method: springfox.documentation.spring.web.scanners.ApiListingReferenceScanner.scan(ApiListingReferenceScanner.java:41) ]
INFO:Scanning for api listing references
2020-07-10 13:24:03 下午 [Thread: main][ Class:io.lettuce.core.EpollProvider >> Method: io.lettuce.core.EpollProvider.<clinit>(EpollProvider.java:68) ]
INFO:Starting without optional epoll library
2020-07-10 13:24:03 下午 [Thread: main][ Class:io.lettuce.core.KqueueProvider >> Method: io.lettuce.core.KqueueProvider.<clinit>(KqueueProvider.java:70) ]
INFO:Starting without optional kqueue library
2020-07-10 13:24:03 下午 [Thread: Thread-3][ Class:org.quartz.core.QuartzScheduler >> Method: org.quartz.core.QuartzScheduler.shutdown(QuartzScheduler.java:666) ]
INFO:Scheduler scheduler_$_NON_CLUSTERED shutting down.
2020-07-10 13:24:03 下午 [Thread: Thread-3][ Class:org.quartz.core.QuartzScheduler >> Method: org.quartz.core.QuartzScheduler.standby(QuartzScheduler.java:585) ]
INFO:Scheduler scheduler_$_NON_CLUSTERED paused.
2020-07-10 13:24:03 下午 [Thread: Thread-3][ Class:org.quartz.core.QuartzScheduler >> Method: org.quartz.core.QuartzScheduler.shutdown(QuartzScheduler.java:740) ]
INFO:Scheduler scheduler_$_NON_CLUSTERED shutdown complete.
2020-07-10 13:24:05 下午 [Thread: Thread-3][ Class:com.alibaba.druid.pool.DruidDataSource >> Method: com.alibaba.druid.pool.DruidDataSource.close(DruidDataSource.java:1444) ]
INFO:{dataSource-1} closed
2020-07-10 13:24:17 下午 [Thread: main][ Class:org.springframework.data.repository.config.RepositoryConfigurationDelegate >> Method: org.springframework.data.repository.config.RepositoryConfigurationDelegate.multipleStoresDetected(RepositoryConfigurationDelegate.java:172) ]
INFO:Multiple Spring Data modules found, entering strict repository configuration mode!
2020-07-10 13:24:17 下午 [Thread: main][ Class:org.springframework.data.repository.config.RepositoryConfigurationDelegate >> Method: org.springframework.data.repository.config.RepositoryConfigurationDelegate.multipleStoresDetected(RepositoryConfigurationDelegate.java:172) ]
INFO:Multiple Spring Data modules found, entering strict repository configuration mode!
2020-07-10 13:24:20 下午 [Thread: main][ Class:com.alibaba.druid.pool.DruidDataSource >> Method: com.alibaba.druid.pool.DruidDataSource.init(DruidDataSource.java:715) ]
INFO:{dataSource-1} inited
2020-07-10 13:24:23 下午 [Thread: main][ Class:org.quartz.impl.StdSchedulerFactory >> Method: org.quartz.impl.StdSchedulerFactory.instantiate(StdSchedulerFactory.java:1208) ]
INFO:Using default implementation for ThreadExecutor
2020-07-10 13:24:23 下午 [Thread: main][ Class:org.quartz.core.SchedulerSignalerImpl >> Method: org.quartz.core.SchedulerSignalerImpl.<init>(SchedulerSignalerImpl.java:61) ]
INFO:Initialized Scheduler Signaller of type: class org.quartz.core.SchedulerSignalerImpl
2020-07-10 13:24:23 下午 [Thread: main][ Class:org.quartz.core.QuartzScheduler >> Method: org.quartz.core.QuartzScheduler.<init>(QuartzScheduler.java:229) ]
INFO:Quartz Scheduler v.2.3.0 created.
2020-07-10 13:24:23 下午 [Thread: main][ Class:org.quartz.simpl.RAMJobStore >> Method: org.quartz.simpl.RAMJobStore.initialize(RAMJobStore.java:155) ]
INFO:RAMJobStore initialized.
2020-07-10 13:24:23 下午 [Thread: main][ Class:org.quartz.core.QuartzScheduler >> Method: org.quartz.core.QuartzScheduler.initialize(QuartzScheduler.java:294) ]
INFO:Scheduler meta-data: Quartz Scheduler (v2.3.0) 'scheduler' with instanceId 'NON_CLUSTERED'
  Scheduler class: 'org.quartz.core.QuartzScheduler' - running locally.
  NOT STARTED.
  Currently in standby mode.
  Number of jobs executed: 0
  Using thread pool 'org.quartz.simpl.SimpleThreadPool' - with 10 threads.
  Using job-store 'org.quartz.simpl.RAMJobStore' - which does not support persistence. and is not clustered.

2020-07-10 13:24:23 下午 [Thread: main][ Class:org.quartz.impl.StdSchedulerFactory >> Method: org.quartz.impl.StdSchedulerFactory.instantiate(StdSchedulerFactory.java:1362) ]
INFO:Quartz scheduler 'scheduler' initialized from an externally provided properties instance.
2020-07-10 13:24:23 下午 [Thread: main][ Class:org.quartz.impl.StdSchedulerFactory >> Method: org.quartz.impl.StdSchedulerFactory.instantiate(StdSchedulerFactory.java:1366) ]
INFO:Quartz scheduler version: 2.3.0
2020-07-10 13:24:23 下午 [Thread: main][ Class:org.quartz.core.QuartzScheduler >> Method: org.quartz.core.QuartzScheduler.setJobFactory(QuartzScheduler.java:2287) ]
INFO:JobFactory set to: org.springframework.scheduling.quartz.AdaptableJobFactory@398a363e
2020-07-10 13:24:26 下午 [Thread: main][ Class:springfox.documentation.spring.web.plugins.DocumentationPluginsBootstrapper >> Method: springfox.documentation.spring.web.plugins.DocumentationPluginsBootstrapper.start(DocumentationPluginsBootstrapper.java:160) ]
INFO:Context refreshed
2020-07-10 13:24:26 下午 [Thread: main][ Class:springfox.documentation.spring.web.plugins.DocumentationPluginsBootstrapper >> Method: springfox.documentation.spring.web.plugins.DocumentationPluginsBootstrapper.start(DocumentationPluginsBootstrapper.java:163) ]
INFO:Found 1 custom documentation plugin(s)
2020-07-10 13:24:26 下午 [Thread: main][ Class:springfox.documentation.spring.web.scanners.ApiListingReferenceScanner >> Method: springfox.documentation.spring.web.scanners.ApiListingReferenceScanner.scan(ApiListingReferenceScanner.java:41) ]
INFO:Scanning for api listing references
2020-07-10 13:24:30 下午 [Thread: Quartz Scheduler [scheduler]][ Class:org.quartz.core.QuartzScheduler >> Method: org.quartz.core.QuartzScheduler.start(QuartzScheduler.java:547) ]
INFO:Scheduler scheduler_$_NON_CLUSTERED started.
2020-07-10 13:24:31 下午 [Thread: main][ Class:io.lettuce.core.EpollProvider >> Method: io.lettuce.core.EpollProvider.<clinit>(EpollProvider.java:68) ]
INFO:Starting without optional epoll library
2020-07-10 13:24:31 下午 [Thread: main][ Class:io.lettuce.core.KqueueProvider >> Method: io.lettuce.core.KqueueProvider.<clinit>(KqueueProvider.java:70) ]
INFO:Starting without optional kqueue library
2020-07-10 13:24:42 下午 [Thread: Thread-3][ Class:org.quartz.core.QuartzScheduler >> Method: org.quartz.core.QuartzScheduler.standby(QuartzScheduler.java:585) ]
INFO:Scheduler scheduler_$_NON_CLUSTERED paused.
2020-07-10 13:24:42 下午 [Thread: Thread-3][ Class:org.quartz.core.QuartzScheduler >> Method: org.quartz.core.QuartzScheduler.shutdown(QuartzScheduler.java:666) ]
INFO:Scheduler scheduler_$_NON_CLUSTERED shutting down.
2020-07-10 13:24:42 下午 [Thread: Thread-3][ Class:org.quartz.core.QuartzScheduler >> Method: org.quartz.core.QuartzScheduler.standby(QuartzScheduler.java:585) ]
INFO:Scheduler scheduler_$_NON_CLUSTERED paused.
2020-07-10 13:24:42 下午 [Thread: Thread-3][ Class:org.quartz.core.QuartzScheduler >> Method: org.quartz.core.QuartzScheduler.shutdown(QuartzScheduler.java:740) ]
INFO:Scheduler scheduler_$_NON_CLUSTERED shutdown complete.
2020-07-10 13:24:42 下午 [Thread: scheduler_Worker-1][ Class:org.quartz.core.JobRunShell >> Method: org.quartz.core.JobRunShell.run(JobRunShell.java:211) ]
ERROR:Job DEFAULT.firstJobDetail threw an unhandled Exception: 
org.springframework.scheduling.quartz.JobMethodInvocationFailedException: Invocation of method 'crtTask' on target class [class com.vingsoft.oa.config.quartz.KnowledgeCrtTask] failed; nested exception is java.lang.ClassCastException: com.alibaba.fastjson.JSONArray cannot be cast to com.alibaba.fastjson.JSONObject
	at org.springframework.scheduling.quartz.MethodInvokingJobDetailFactoryBean$MethodInvokingJob.executeInternal(MethodInvokingJobDetailFactoryBean.java:276)
	at org.springframework.scheduling.quartz.QuartzJobBean.execute(QuartzJobBean.java:75)
	at org.quartz.core.JobRunShell.run(JobRunShell.java:202)
	at org.quartz.simpl.SimpleThreadPool$WorkerThread.run(SimpleThreadPool.java:573)
Caused by: java.lang.ClassCastException: com.alibaba.fastjson.JSONArray cannot be cast to com.alibaba.fastjson.JSONObject
	at com.alibaba.fastjson.JSON.parseObject(JSON.java:175)
	at com.vingsoft.oa.config.quartz.KnowledgeCrtTask.crtTask(KnowledgeCrtTask.java:35)
	at sun.reflect.NativeMethodAccessorImpl.invoke0(Native Method)
	at sun.reflect.NativeMethodAccessorImpl.invoke(NativeMethodAccessorImpl.java:62)
	at sun.reflect.DelegatingMethodAccessorImpl.invoke(DelegatingMethodAccessorImpl.java:43)
	at java.lang.reflect.Method.invoke(Method.java:498)
	at org.springframework.util.MethodInvoker.invoke(MethodInvoker.java:280)
	at org.springframework.scheduling.quartz.MethodInvokingJobDetailFactoryBean$MethodInvokingJob.executeInternal(MethodInvokingJobDetailFactoryBean.java:267)
	... 3 more
2020-07-10 13:24:42 下午 [Thread: scheduler_Worker-1][ Class:org.quartz.core.ErrorLogger >> Method: org.quartz.core.ErrorLogger.schedulerError(QuartzScheduler.java:2401) ]
ERROR:Job (DEFAULT.firstJobDetail threw an exception.
org.quartz.SchedulerException: Job threw an unhandled exception. [See nested exception: org.springframework.scheduling.quartz.JobMethodInvocationFailedException: Invocation of method 'crtTask' on target class [class com.vingsoft.oa.config.quartz.KnowledgeCrtTask] failed; nested exception is java.lang.ClassCastException: com.alibaba.fastjson.JSONArray cannot be cast to com.alibaba.fastjson.JSONObject]
	at org.quartz.core.JobRunShell.run(JobRunShell.java:213)
	at org.quartz.simpl.SimpleThreadPool$WorkerThread.run(SimpleThreadPool.java:573)
Caused by: org.springframework.scheduling.quartz.JobMethodInvocationFailedException: Invocation of method 'crtTask' on target class [class com.vingsoft.oa.config.quartz.KnowledgeCrtTask] failed; nested exception is java.lang.ClassCastException: com.alibaba.fastjson.JSONArray cannot be cast to com.alibaba.fastjson.JSONObject
	at org.springframework.scheduling.quartz.MethodInvokingJobDetailFactoryBean$MethodInvokingJob.executeInternal(MethodInvokingJobDetailFactoryBean.java:276)
	at org.springframework.scheduling.quartz.QuartzJobBean.execute(QuartzJobBean.java:75)
	at org.quartz.core.JobRunShell.run(JobRunShell.java:202)
	... 1 more
Caused by: java.lang.ClassCastException: com.alibaba.fastjson.JSONArray cannot be cast to com.alibaba.fastjson.JSONObject
	at com.alibaba.fastjson.JSON.parseObject(JSON.java:175)
	at com.vingsoft.oa.config.quartz.KnowledgeCrtTask.crtTask(KnowledgeCrtTask.java:35)
	at sun.reflect.NativeMethodAccessorImpl.invoke0(Native Method)
	at sun.reflect.NativeMethodAccessorImpl.invoke(NativeMethodAccessorImpl.java:62)
	at sun.reflect.DelegatingMethodAccessorImpl.invoke(DelegatingMethodAccessorImpl.java:43)
	at java.lang.reflect.Method.invoke(Method.java:498)
	at org.springframework.util.MethodInvoker.invoke(MethodInvoker.java:280)
	at org.springframework.scheduling.quartz.MethodInvokingJobDetailFactoryBean$MethodInvokingJob.executeInternal(MethodInvokingJobDetailFactoryBean.java:267)
	... 3 more
2020-07-10 13:24:43 下午 [Thread: Thread-3][ Class:com.alibaba.druid.pool.DruidDataSource >> Method: com.alibaba.druid.pool.DruidDataSource.close(DruidDataSource.java:1444) ]
INFO:{dataSource-1} closed
2020-07-10 13:26:57 下午 [Thread: main][ Class:org.springframework.data.repository.config.RepositoryConfigurationDelegate >> Method: org.springframework.data.repository.config.RepositoryConfigurationDelegate.multipleStoresDetected(RepositoryConfigurationDelegate.java:172) ]
INFO:Multiple Spring Data modules found, entering strict repository configuration mode!
2020-07-10 13:26:57 下午 [Thread: main][ Class:org.springframework.data.repository.config.RepositoryConfigurationDelegate >> Method: org.springframework.data.repository.config.RepositoryConfigurationDelegate.multipleStoresDetected(RepositoryConfigurationDelegate.java:172) ]
INFO:Multiple Spring Data modules found, entering strict repository configuration mode!
2020-07-10 13:27:01 下午 [Thread: main][ Class:com.alibaba.druid.pool.DruidDataSource >> Method: com.alibaba.druid.pool.DruidDataSource.init(DruidDataSource.java:715) ]
INFO:{dataSource-1} inited
2020-07-10 13:27:04 下午 [Thread: main][ Class:org.quartz.impl.StdSchedulerFactory >> Method: org.quartz.impl.StdSchedulerFactory.instantiate(StdSchedulerFactory.java:1208) ]
INFO:Using default implementation for ThreadExecutor
2020-07-10 13:27:04 下午 [Thread: main][ Class:org.quartz.core.SchedulerSignalerImpl >> Method: org.quartz.core.SchedulerSignalerImpl.<init>(SchedulerSignalerImpl.java:61) ]
INFO:Initialized Scheduler Signaller of type: class org.quartz.core.SchedulerSignalerImpl
2020-07-10 13:27:04 下午 [Thread: main][ Class:org.quartz.core.QuartzScheduler >> Method: org.quartz.core.QuartzScheduler.<init>(QuartzScheduler.java:229) ]
INFO:Quartz Scheduler v.2.3.0 created.
2020-07-10 13:27:04 下午 [Thread: main][ Class:org.quartz.simpl.RAMJobStore >> Method: org.quartz.simpl.RAMJobStore.initialize(RAMJobStore.java:155) ]
INFO:RAMJobStore initialized.
2020-07-10 13:27:04 下午 [Thread: main][ Class:org.quartz.core.QuartzScheduler >> Method: org.quartz.core.QuartzScheduler.initialize(QuartzScheduler.java:294) ]
INFO:Scheduler meta-data: Quartz Scheduler (v2.3.0) 'scheduler' with instanceId 'NON_CLUSTERED'
  Scheduler class: 'org.quartz.core.QuartzScheduler' - running locally.
  NOT STARTED.
  Currently in standby mode.
  Number of jobs executed: 0
  Using thread pool 'org.quartz.simpl.SimpleThreadPool' - with 10 threads.
  Using job-store 'org.quartz.simpl.RAMJobStore' - which does not support persistence. and is not clustered.

2020-07-10 13:27:04 下午 [Thread: main][ Class:org.quartz.impl.StdSchedulerFactory >> Method: org.quartz.impl.StdSchedulerFactory.instantiate(StdSchedulerFactory.java:1362) ]
INFO:Quartz scheduler 'scheduler' initialized from an externally provided properties instance.
2020-07-10 13:27:04 下午 [Thread: main][ Class:org.quartz.impl.StdSchedulerFactory >> Method: org.quartz.impl.StdSchedulerFactory.instantiate(StdSchedulerFactory.java:1366) ]
INFO:Quartz scheduler version: 2.3.0
2020-07-10 13:27:04 下午 [Thread: main][ Class:org.quartz.core.QuartzScheduler >> Method: org.quartz.core.QuartzScheduler.setJobFactory(QuartzScheduler.java:2287) ]
INFO:JobFactory set to: org.springframework.scheduling.quartz.AdaptableJobFactory@4110e631
2020-07-10 13:27:07 下午 [Thread: main][ Class:springfox.documentation.spring.web.plugins.DocumentationPluginsBootstrapper >> Method: springfox.documentation.spring.web.plugins.DocumentationPluginsBootstrapper.start(DocumentationPluginsBootstrapper.java:160) ]
INFO:Context refreshed
2020-07-10 13:27:07 下午 [Thread: main][ Class:springfox.documentation.spring.web.plugins.DocumentationPluginsBootstrapper >> Method: springfox.documentation.spring.web.plugins.DocumentationPluginsBootstrapper.start(DocumentationPluginsBootstrapper.java:163) ]
INFO:Found 1 custom documentation plugin(s)
2020-07-10 13:27:07 下午 [Thread: main][ Class:springfox.documentation.spring.web.scanners.ApiListingReferenceScanner >> Method: springfox.documentation.spring.web.scanners.ApiListingReferenceScanner.scan(ApiListingReferenceScanner.java:41) ]
INFO:Scanning for api listing references
2020-07-10 13:27:12 下午 [Thread: Quartz Scheduler [scheduler]][ Class:org.quartz.core.QuartzScheduler >> Method: org.quartz.core.QuartzScheduler.start(QuartzScheduler.java:547) ]
INFO:Scheduler scheduler_$_NON_CLUSTERED started.
2020-07-10 13:27:13 下午 [Thread: main][ Class:io.lettuce.core.EpollProvider >> Method: io.lettuce.core.EpollProvider.<clinit>(EpollProvider.java:68) ]
INFO:Starting without optional epoll library
2020-07-10 13:27:13 下午 [Thread: main][ Class:io.lettuce.core.KqueueProvider >> Method: io.lettuce.core.KqueueProvider.<clinit>(KqueueProvider.java:70) ]
INFO:Starting without optional kqueue library
2020-07-10 13:27:21 下午 [Thread: Thread-3][ Class:org.quartz.core.QuartzScheduler >> Method: org.quartz.core.QuartzScheduler.standby(QuartzScheduler.java:585) ]
INFO:Scheduler scheduler_$_NON_CLUSTERED paused.
2020-07-10 13:27:21 下午 [Thread: Thread-3][ Class:org.quartz.core.QuartzScheduler >> Method: org.quartz.core.QuartzScheduler.shutdown(QuartzScheduler.java:666) ]
INFO:Scheduler scheduler_$_NON_CLUSTERED shutting down.
2020-07-10 13:27:21 下午 [Thread: Thread-3][ Class:org.quartz.core.QuartzScheduler >> Method: org.quartz.core.QuartzScheduler.standby(QuartzScheduler.java:585) ]
INFO:Scheduler scheduler_$_NON_CLUSTERED paused.
2020-07-10 13:27:21 下午 [Thread: Thread-3][ Class:org.quartz.core.QuartzScheduler >> Method: org.quartz.core.QuartzScheduler.shutdown(QuartzScheduler.java:740) ]
INFO:Scheduler scheduler_$_NON_CLUSTERED shutdown complete.
2020-07-10 13:27:21 下午 [Thread: scheduler_Worker-1][ Class:org.quartz.core.JobRunShell >> Method: org.quartz.core.JobRunShell.run(JobRunShell.java:211) ]
ERROR:Job DEFAULT.firstJobDetail threw an unhandled Exception: 
org.springframework.scheduling.quartz.JobMethodInvocationFailedException: Invocation of method 'crtTask' on target class [class com.vingsoft.oa.config.quartz.KnowledgeCrtTask] failed; nested exception is java.lang.ClassCastException: com.alibaba.fastjson.JSONArray cannot be cast to com.alibaba.fastjson.JSONObject
	at org.springframework.scheduling.quartz.MethodInvokingJobDetailFactoryBean$MethodInvokingJob.executeInternal(MethodInvokingJobDetailFactoryBean.java:276)
	at org.springframework.scheduling.quartz.QuartzJobBean.execute(QuartzJobBean.java:75)
	at org.quartz.core.JobRunShell.run(JobRunShell.java:202)
	at org.quartz.simpl.SimpleThreadPool$WorkerThread.run(SimpleThreadPool.java:573)
Caused by: java.lang.ClassCastException: com.alibaba.fastjson.JSONArray cannot be cast to com.alibaba.fastjson.JSONObject
	at com.alibaba.fastjson.JSON.parseObject(JSON.java:175)
	at com.vingsoft.oa.config.quartz.KnowledgeCrtTask.crtTask(KnowledgeCrtTask.java:35)
	at sun.reflect.NativeMethodAccessorImpl.invoke0(Native Method)
	at sun.reflect.NativeMethodAccessorImpl.invoke(NativeMethodAccessorImpl.java:62)
	at sun.reflect.DelegatingMethodAccessorImpl.invoke(DelegatingMethodAccessorImpl.java:43)
	at java.lang.reflect.Method.invoke(Method.java:498)
	at org.springframework.util.MethodInvoker.invoke(MethodInvoker.java:280)
	at org.springframework.scheduling.quartz.MethodInvokingJobDetailFactoryBean$MethodInvokingJob.executeInternal(MethodInvokingJobDetailFactoryBean.java:267)
	... 3 more
2020-07-10 13:27:21 下午 [Thread: scheduler_Worker-1][ Class:org.quartz.core.ErrorLogger >> Method: org.quartz.core.ErrorLogger.schedulerError(QuartzScheduler.java:2401) ]
ERROR:Job (DEFAULT.firstJobDetail threw an exception.
org.quartz.SchedulerException: Job threw an unhandled exception. [See nested exception: org.springframework.scheduling.quartz.JobMethodInvocationFailedException: Invocation of method 'crtTask' on target class [class com.vingsoft.oa.config.quartz.KnowledgeCrtTask] failed; nested exception is java.lang.ClassCastException: com.alibaba.fastjson.JSONArray cannot be cast to com.alibaba.fastjson.JSONObject]
	at org.quartz.core.JobRunShell.run(JobRunShell.java:213)
	at org.quartz.simpl.SimpleThreadPool$WorkerThread.run(SimpleThreadPool.java:573)
Caused by: org.springframework.scheduling.quartz.JobMethodInvocationFailedException: Invocation of method 'crtTask' on target class [class com.vingsoft.oa.config.quartz.KnowledgeCrtTask] failed; nested exception is java.lang.ClassCastException: com.alibaba.fastjson.JSONArray cannot be cast to com.alibaba.fastjson.JSONObject
	at org.springframework.scheduling.quartz.MethodInvokingJobDetailFactoryBean$MethodInvokingJob.executeInternal(MethodInvokingJobDetailFactoryBean.java:276)
	at org.springframework.scheduling.quartz.QuartzJobBean.execute(QuartzJobBean.java:75)
	at org.quartz.core.JobRunShell.run(JobRunShell.java:202)
	... 1 more
Caused by: java.lang.ClassCastException: com.alibaba.fastjson.JSONArray cannot be cast to com.alibaba.fastjson.JSONObject
	at com.alibaba.fastjson.JSON.parseObject(JSON.java:175)
	at com.vingsoft.oa.config.quartz.KnowledgeCrtTask.crtTask(KnowledgeCrtTask.java:35)
	at sun.reflect.NativeMethodAccessorImpl.invoke0(Native Method)
	at sun.reflect.NativeMethodAccessorImpl.invoke(NativeMethodAccessorImpl.java:62)
	at sun.reflect.DelegatingMethodAccessorImpl.invoke(DelegatingMethodAccessorImpl.java:43)
	at java.lang.reflect.Method.invoke(Method.java:498)
	at org.springframework.util.MethodInvoker.invoke(MethodInvoker.java:280)
	at org.springframework.scheduling.quartz.MethodInvokingJobDetailFactoryBean$MethodInvokingJob.executeInternal(MethodInvokingJobDetailFactoryBean.java:267)
	... 3 more
2020-07-10 13:27:22 下午 [Thread: Thread-3][ Class:com.alibaba.druid.pool.DruidDataSource >> Method: com.alibaba.druid.pool.DruidDataSource.close(DruidDataSource.java:1444) ]
INFO:{dataSource-1} closed
