2020-09-04 16:48:35 ÏÂÎç [Thread: scheduler_Worker-2][ Class:org.quartz.core.JobRunShell >> Method: org.quartz.core.JobRunShell.run(JobRunShell.java:211) ]
ERROR:Job DEFAULT.firstJobDetail threw an unhandled Exception: 
org.springframework.scheduling.quartz.JobMethodInvocationFailedException: Invocation of method 'crtTask' on target class [class com.vingsoft.oa.config.quartz.KnowledgeCrtTask] failed; nested exception is org.springframework.data.redis.RedisSystemException: Unknown redis exception; nested exception is java.util.concurrent.CancellationException
	at org.springframework.scheduling.quartz.MethodInvokingJobDetailFactoryBean$MethodInvokingJob.executeInternal(MethodInvokingJobDetailFactoryBean.java:276)
	at org.springframework.scheduling.quartz.QuartzJobBean.execute(QuartzJobBean.java:75)
	at org.quartz.core.JobRunShell.run(JobRunShell.java:202)
	at org.quartz.simpl.SimpleThreadPool$WorkerThread.run(SimpleThreadPool.java:573)
Caused by: org.springframework.data.redis.RedisSystemException: Unknown redis exception; nested exception is java.util.concurrent.CancellationException
	at org.springframework.data.redis.FallbackExceptionTranslationStrategy.getFallback(FallbackExceptionTranslationStrategy.java:53)
	at org.springframework.data.redis.FallbackExceptionTranslationStrategy.translate(FallbackExceptionTranslationStrategy.java:43)
	at org.springframework.data.redis.connection.lettuce.LettuceConnection.convertLettuceAccessException(LettuceConnection.java:257)
	at org.springframework.data.redis.connection.lettuce.LettuceHashCommands.convertLettuceAccessException(LettuceHashCommands.java:445)
	at org.springframework.data.redis.connection.lettuce.LettuceHashCommands.hGetAll(LettuceHashCommands.java:195)
	at org.springframework.data.redis.connection.DefaultedRedisConnection.hGetAll(DefaultedRedisConnection.java:862)
	at org.springframework.data.redis.core.DefaultHashOperations.lambda$entries$12(DefaultHashOperations.java:231)
	at org.springframework.data.redis.core.RedisTemplate.execute(RedisTemplate.java:224)
	at org.springframework.data.redis.core.RedisTemplate.execute(RedisTemplate.java:184)
	at org.springframework.data.redis.core.AbstractOperations.execute(AbstractOperations.java:95)
	at org.springframework.data.redis.core.DefaultHashOperations.entries(DefaultHashOperations.java:231)
	at com.vingsoft.utils.RedisUtils.hmget(RedisUtils.java:166)
	at com.vingsoft.oa.config.quartz.KnowledgeCrtTask.crtTask(KnowledgeCrtTask.java:35)
	at sun.reflect.NativeMethodAccessorImpl.invoke0(Native Method)
	at sun.reflect.NativeMethodAccessorImpl.invoke(NativeMethodAccessorImpl.java:62)
	at sun.reflect.DelegatingMethodAccessorImpl.invoke(DelegatingMethodAccessorImpl.java:43)
	at java.lang.reflect.Method.invoke(Method.java:498)
	at org.springframework.util.MethodInvoker.invoke(MethodInvoker.java:280)
	at org.springframework.scheduling.quartz.MethodInvokingJobDetailFactoryBean$MethodInvokingJob.executeInternal(MethodInvokingJobDetailFactoryBean.java:267)
	... 3 more
Caused by: java.util.concurrent.CancellationException
	at java.util.concurrent.CompletableFuture.cancel(CompletableFuture.java:2263)
	at io.lettuce.core.protocol.AsyncCommand.cancel(AsyncCommand.java:144)
	at io.lettuce.core.protocol.AsyncCommand.cancel(AsyncCommand.java:178)
	at io.lettuce.core.protocol.DefaultEndpoint.cancelCommands(DefaultEndpoint.java:634)
	at io.lettuce.core.protocol.DefaultEndpoint.notifyDrainQueuedCommands(DefaultEndpoint.java:544)
	at io.lettuce.core.protocol.CommandHandler.channelInactive(CommandHandler.java:303)
	at io.netty.channel.AbstractChannelHandlerContext.invokeChannelInactive(AbstractChannelHandlerContext.java:245)
	at io.netty.channel.AbstractChannelHandlerContext.invokeChannelInactive(AbstractChannelHandlerContext.java:231)
	at io.netty.channel.AbstractChannelHandlerContext.fireChannelInactive(AbstractChannelHandlerContext.java:224)
	at io.netty.channel.ChannelInboundHandlerAdapter.channelInactive(ChannelInboundHandlerAdapter.java:75)
	at io.lettuce.core.ChannelGroupListener.channelInactive(ChannelGroupListener.java:46)
	at io.netty.channel.AbstractChannelHandlerContext.invokeChannelInactive(AbstractChannelHandlerContext.java:245)
	at io.netty.channel.AbstractChannelHandlerContext.invokeChannelInactive(AbstractChannelHandlerContext.java:231)
	at io.netty.channel.AbstractChannelHandlerContext.fireChannelInactive(AbstractChannelHandlerContext.java:224)
	at io.netty.channel.ChannelInboundHandlerAdapter.channelInactive(ChannelInboundHandlerAdapter.java:75)
	at io.lettuce.core.PlainChannelInitializer$1.channelInactive(PlainChannelInitializer.java:85)
	at io.netty.channel.AbstractChannelHandlerContext.invokeChannelInactive(AbstractChannelHandlerContext.java:245)
	at io.netty.channel.AbstractChannelHandlerContext.invokeChannelInactive(AbstractChannelHandlerContext.java:231)
	at io.netty.channel.AbstractChannelHandlerContext.fireChannelInactive(AbstractChannelHandlerContext.java:224)
	at io.netty.channel.DefaultChannelPipeline$HeadContext.channelInactive(DefaultChannelPipeline.java:1429)
	at io.netty.channel.AbstractChannelHandlerContext.invokeChannelInactive(AbstractChannelHandlerContext.java:245)
	at io.netty.channel.AbstractChannelHandlerContext.invokeChannelInactive(AbstractChannelHandlerContext.java:231)
	at io.netty.channel.DefaultChannelPipeline.fireChannelInactive(DefaultChannelPipeline.java:947)
	at io.netty.channel.AbstractChannel$AbstractUnsafe$8.run(AbstractChannel.java:822)
	at io.netty.util.concurrent.AbstractEventExecutor.safeExecute(AbstractEventExecutor.java:163)
	at io.netty.util.concurrent.SingleThreadEventExecutor.runAllTasks(SingleThreadEventExecutor.java:404)
	at io.netty.channel.nio.NioEventLoop.run(NioEventLoop.java:466)
	at io.netty.util.concurrent.SingleThreadEventExecutor$5.run(SingleThreadEventExecutor.java:897)
	at io.netty.util.concurrent.FastThreadLocalRunnable.run(FastThreadLocalRunnable.java:30)
	at java.lang.Thread.run(Thread.java:748)
2020-09-04 16:48:35 ÏÂÎç [Thread: scheduler_Worker-2][ Class:org.quartz.core.ErrorLogger >> Method: org.quartz.core.ErrorLogger.schedulerError(QuartzScheduler.java:2401) ]
ERROR:Job (DEFAULT.firstJobDetail threw an exception.
org.quartz.SchedulerException: Job threw an unhandled exception. [See nested exception: org.springframework.scheduling.quartz.JobMethodInvocationFailedException: Invocation of method 'crtTask' on target class [class com.vingsoft.oa.config.quartz.KnowledgeCrtTask] failed; nested exception is org.springframework.data.redis.RedisSystemException: Unknown redis exception; nested exception is java.util.concurrent.CancellationException]
	at org.quartz.core.JobRunShell.run(JobRunShell.java:213)
	at org.quartz.simpl.SimpleThreadPool$WorkerThread.run(SimpleThreadPool.java:573)
Caused by: org.springframework.scheduling.quartz.JobMethodInvocationFailedException: Invocation of method 'crtTask' on target class [class com.vingsoft.oa.config.quartz.KnowledgeCrtTask] failed; nested exception is org.springframework.data.redis.RedisSystemException: Unknown redis exception; nested exception is java.util.concurrent.CancellationException
	at org.springframework.scheduling.quartz.MethodInvokingJobDetailFactoryBean$MethodInvokingJob.executeInternal(MethodInvokingJobDetailFactoryBean.java:276)
	at org.springframework.scheduling.quartz.QuartzJobBean.execute(QuartzJobBean.java:75)
	at org.quartz.core.JobRunShell.run(JobRunShell.java:202)
	... 1 more
Caused by: org.springframework.data.redis.RedisSystemException: Unknown redis exception; nested exception is java.util.concurrent.CancellationException
	at org.springframework.data.redis.FallbackExceptionTranslationStrategy.getFallback(FallbackExceptionTranslationStrategy.java:53)
	at org.springframework.data.redis.FallbackExceptionTranslationStrategy.translate(FallbackExceptionTranslationStrategy.java:43)
	at org.springframework.data.redis.connection.lettuce.LettuceConnection.convertLettuceAccessException(LettuceConnection.java:257)
	at org.springframework.data.redis.connection.lettuce.LettuceHashCommands.convertLettuceAccessException(LettuceHashCommands.java:445)
	at org.springframework.data.redis.connection.lettuce.LettuceHashCommands.hGetAll(LettuceHashCommands.java:195)
	at org.springframework.data.redis.connection.DefaultedRedisConnection.hGetAll(DefaultedRedisConnection.java:862)
	at org.springframework.data.redis.core.DefaultHashOperations.lambda$entries$12(DefaultHashOperations.java:231)
	at org.springframework.data.redis.core.RedisTemplate.execute(RedisTemplate.java:224)
	at org.springframework.data.redis.core.RedisTemplate.execute(RedisTemplate.java:184)
	at org.springframework.data.redis.core.AbstractOperations.execute(AbstractOperations.java:95)
	at org.springframework.data.redis.core.DefaultHashOperations.entries(DefaultHashOperations.java:231)
	at com.vingsoft.utils.RedisUtils.hmget(RedisUtils.java:166)
	at com.vingsoft.oa.config.quartz.KnowledgeCrtTask.crtTask(KnowledgeCrtTask.java:35)
	at sun.reflect.NativeMethodAccessorImpl.invoke0(Native Method)
	at sun.reflect.NativeMethodAccessorImpl.invoke(NativeMethodAccessorImpl.java:62)
	at sun.reflect.DelegatingMethodAccessorImpl.invoke(DelegatingMethodAccessorImpl.java:43)
	at java.lang.reflect.Method.invoke(Method.java:498)
	at org.springframework.util.MethodInvoker.invoke(MethodInvoker.java:280)
	at org.springframework.scheduling.quartz.MethodInvokingJobDetailFactoryBean$MethodInvokingJob.executeInternal(MethodInvokingJobDetailFactoryBean.java:267)
	... 3 more
Caused by: java.util.concurrent.CancellationException
	at java.util.concurrent.CompletableFuture.cancel(CompletableFuture.java:2263)
	at io.lettuce.core.protocol.AsyncCommand.cancel(AsyncCommand.java:144)
	at io.lettuce.core.protocol.AsyncCommand.cancel(AsyncCommand.java:178)
	at io.lettuce.core.protocol.DefaultEndpoint.cancelCommands(DefaultEndpoint.java:634)
	at io.lettuce.core.protocol.DefaultEndpoint.notifyDrainQueuedCommands(DefaultEndpoint.java:544)
	at io.lettuce.core.protocol.CommandHandler.channelInactive(CommandHandler.java:303)
	at io.netty.channel.AbstractChannelHandlerContext.invokeChannelInactive(AbstractChannelHandlerContext.java:245)
	at io.netty.channel.AbstractChannelHandlerContext.invokeChannelInactive(AbstractChannelHandlerContext.java:231)
	at io.netty.channel.AbstractChannelHandlerContext.fireChannelInactive(AbstractChannelHandlerContext.java:224)
	at io.netty.channel.ChannelInboundHandlerAdapter.channelInactive(ChannelInboundHandlerAdapter.java:75)
	at io.lettuce.core.ChannelGroupListener.channelInactive(ChannelGroupListener.java:46)
	at io.netty.channel.AbstractChannelHandlerContext.invokeChannelInactive(AbstractChannelHandlerContext.java:245)
	at io.netty.channel.AbstractChannelHandlerContext.invokeChannelInactive(AbstractChannelHandlerContext.java:231)
	at io.netty.channel.AbstractChannelHandlerContext.fireChannelInactive(AbstractChannelHandlerContext.java:224)
	at io.netty.channel.ChannelInboundHandlerAdapter.channelInactive(ChannelInboundHandlerAdapter.java:75)
	at io.lettuce.core.PlainChannelInitializer$1.channelInactive(PlainChannelInitializer.java:85)
	at io.netty.channel.AbstractChannelHandlerContext.invokeChannelInactive(AbstractChannelHandlerContext.java:245)
	at io.netty.channel.AbstractChannelHandlerContext.invokeChannelInactive(AbstractChannelHandlerContext.java:231)
	at io.netty.channel.AbstractChannelHandlerContext.fireChannelInactive(AbstractChannelHandlerContext.java:224)
	at io.netty.channel.DefaultChannelPipeline$HeadContext.channelInactive(DefaultChannelPipeline.java:1429)
	at io.netty.channel.AbstractChannelHandlerContext.invokeChannelInactive(AbstractChannelHandlerContext.java:245)
	at io.netty.channel.AbstractChannelHandlerContext.invokeChannelInactive(AbstractChannelHandlerContext.java:231)
	at io.netty.channel.DefaultChannelPipeline.fireChannelInactive(DefaultChannelPipeline.java:947)
	at io.netty.channel.AbstractChannel$AbstractUnsafe$8.run(AbstractChannel.java:822)
	at io.netty.util.concurrent.AbstractEventExecutor.safeExecute(AbstractEventExecutor.java:163)
	at io.netty.util.concurrent.SingleThreadEventExecutor.runAllTasks(SingleThreadEventExecutor.java:404)
	at io.netty.channel.nio.NioEventLoop.run(NioEventLoop.java:466)
	at io.netty.util.concurrent.SingleThreadEventExecutor$5.run(SingleThreadEventExecutor.java:897)
	at io.netty.util.concurrent.FastThreadLocalRunnable.run(FastThreadLocalRunnable.java:30)
	at java.lang.Thread.run(Thread.java:748)
