2020-07-16 16:33:39 下午 [Thread: main][ Class:org.springframework.data.repository.config.RepositoryConfigurationDelegate >> Method: org.springframework.data.repository.config.RepositoryConfigurationDelegate.multipleStoresDetected(RepositoryConfigurationDelegate.java:172) ]
INFO:Multiple Spring Data modules found, entering strict repository configuration mode!
2020-07-16 16:33:39 下午 [Thread: main][ Class:org.springframework.data.repository.config.RepositoryConfigurationDelegate >> Method: org.springframework.data.repository.config.RepositoryConfigurationDelegate.multipleStoresDetected(RepositoryConfigurationDelegate.java:172) ]
INFO:Multiple Spring Data modules found, entering strict repository configuration mode!
2020-07-16 16:33:43 下午 [Thread: main][ Class:com.alibaba.druid.pool.DruidDataSource >> Method: com.alibaba.druid.pool.DruidDataSource.init(DruidDataSource.java:715) ]
INFO:{dataSource-1} inited
2020-07-16 16:33:46 下午 [Thread: main][ Class:org.quartz.impl.StdSchedulerFactory >> Method: org.quartz.impl.StdSchedulerFactory.instantiate(StdSchedulerFactory.java:1208) ]
INFO:Using default implementation for ThreadExecutor
2020-07-16 16:33:46 下午 [Thread: main][ Class:org.quartz.core.SchedulerSignalerImpl >> Method: org.quartz.core.SchedulerSignalerImpl.<init>(SchedulerSignalerImpl.java:61) ]
INFO:Initialized Scheduler Signaller of type: class org.quartz.core.SchedulerSignalerImpl
2020-07-16 16:33:46 下午 [Thread: main][ Class:org.quartz.core.QuartzScheduler >> Method: org.quartz.core.QuartzScheduler.<init>(QuartzScheduler.java:229) ]
INFO:Quartz Scheduler v.2.3.0 created.
2020-07-16 16:33:46 下午 [Thread: main][ Class:org.quartz.simpl.RAMJobStore >> Method: org.quartz.simpl.RAMJobStore.initialize(RAMJobStore.java:155) ]
INFO:RAMJobStore initialized.
2020-07-16 16:33:46 下午 [Thread: main][ Class:org.quartz.core.QuartzScheduler >> Method: org.quartz.core.QuartzScheduler.initialize(QuartzScheduler.java:294) ]
INFO:Scheduler meta-data: Quartz Scheduler (v2.3.0) 'scheduler' with instanceId 'NON_CLUSTERED'
  Scheduler class: 'org.quartz.core.QuartzScheduler' - running locally.
  NOT STARTED.
  Currently in standby mode.
  Number of jobs executed: 0
  Using thread pool 'org.quartz.simpl.SimpleThreadPool' - with 10 threads.
  Using job-store 'org.quartz.simpl.RAMJobStore' - which does not support persistence. and is not clustered.

2020-07-16 16:33:46 下午 [Thread: main][ Class:org.quartz.impl.StdSchedulerFactory >> Method: org.quartz.impl.StdSchedulerFactory.instantiate(StdSchedulerFactory.java:1362) ]
INFO:Quartz scheduler 'scheduler' initialized from an externally provided properties instance.
2020-07-16 16:33:46 下午 [Thread: main][ Class:org.quartz.impl.StdSchedulerFactory >> Method: org.quartz.impl.StdSchedulerFactory.instantiate(StdSchedulerFactory.java:1366) ]
INFO:Quartz scheduler version: 2.3.0
2020-07-16 16:33:46 下午 [Thread: main][ Class:org.quartz.core.QuartzScheduler >> Method: org.quartz.core.QuartzScheduler.setJobFactory(QuartzScheduler.java:2287) ]
INFO:JobFactory set to: org.springframework.scheduling.quartz.AdaptableJobFactory@44c01e8c
2020-07-16 16:33:48 下午 [Thread: main][ Class:springfox.documentation.spring.web.plugins.DocumentationPluginsBootstrapper >> Method: springfox.documentation.spring.web.plugins.DocumentationPluginsBootstrapper.start(DocumentationPluginsBootstrapper.java:160) ]
INFO:Context refreshed
2020-07-16 16:33:48 下午 [Thread: main][ Class:springfox.documentation.spring.web.plugins.DocumentationPluginsBootstrapper >> Method: springfox.documentation.spring.web.plugins.DocumentationPluginsBootstrapper.start(DocumentationPluginsBootstrapper.java:163) ]
INFO:Found 1 custom documentation plugin(s)
2020-07-16 16:33:48 下午 [Thread: main][ Class:springfox.documentation.spring.web.scanners.ApiListingReferenceScanner >> Method: springfox.documentation.spring.web.scanners.ApiListingReferenceScanner.scan(ApiListingReferenceScanner.java:41) ]
INFO:Scanning for api listing references
2020-07-16 16:33:48 下午 [Thread: main][ Class:com.vingsoft.OaApplication >> Method: com.vingsoft.OaApplication.main(OaApplication.java:53) ]
INFO:Oa Application is sussess!
2020-07-16 16:33:49 下午 [Thread: Quartz Scheduler [scheduler]][ Class:org.quartz.core.QuartzScheduler >> Method: org.quartz.core.QuartzScheduler.start(QuartzScheduler.java:547) ]
INFO:Scheduler scheduler_$_NON_CLUSTERED started.
2020-07-16 16:33:49 下午 [Thread: scheduler_Worker-1][ Class:io.lettuce.core.EpollProvider >> Method: io.lettuce.core.EpollProvider.<clinit>(EpollProvider.java:68) ]
INFO:Starting without optional epoll library
2020-07-16 16:33:49 下午 [Thread: scheduler_Worker-1][ Class:io.lettuce.core.KqueueProvider >> Method: io.lettuce.core.KqueueProvider.<clinit>(KqueueProvider.java:70) ]
INFO:Starting without optional kqueue library
2020-07-16 16:35:48 下午 [Thread: http-nio-2020-exec-10][ Class:com.vingsoft.fileManage.core.FileManage >> Method: com.vingsoft.fileManage.core.FileManage.uploadFileToFileManage(FileManage.java:89) ]
INFO:文件呢路径：知识库问题20200716.doc
2020-07-16 16:41:36 下午 [Thread: http-nio-2020-exec-4][ Class:com.vingsoft.fileManage.controller.FileController >> Method: com.vingsoft.fileManage.controller.FileController.upload(FileController.java:85) ]
INFO:file
2020-07-16 16:41:36 下午 [Thread: http-nio-2020-exec-4][ Class:com.vingsoft.fileManage.controller.FileController >> Method: com.vingsoft.fileManage.controller.FileController.upload(FileController.java:86) ]
INFO:Snipaste_2020-07-16_16-41-30.png
2020-07-16 16:41:36 下午 [Thread: http-nio-2020-exec-4][ Class:com.vingsoft.fileManage.controller.FileController >> Method: com.vingsoft.fileManage.controller.FileController.upload(FileController.java:87) ]
INFO:5779
2020-07-16 16:41:36 下午 [Thread: http-nio-2020-exec-4][ Class:com.vingsoft.fileManage.core.FileManage >> Method: com.vingsoft.fileManage.core.FileManage.uploadFileToFileManage(FileManage.java:89) ]
INFO:文件呢路径：Snipaste_2020-07-16_16-41-30.png
2020-07-16 16:50:21 下午 [Thread: Thread-29][ Class:org.quartz.core.QuartzScheduler >> Method: org.quartz.core.QuartzScheduler.standby(QuartzScheduler.java:585) ]
INFO:Scheduler scheduler_$_NON_CLUSTERED paused.
2020-07-16 16:50:21 下午 [Thread: Thread-29][ Class:org.quartz.core.QuartzScheduler >> Method: org.quartz.core.QuartzScheduler.shutdown(QuartzScheduler.java:666) ]
INFO:Scheduler scheduler_$_NON_CLUSTERED shutting down.
2020-07-16 16:50:21 下午 [Thread: Thread-29][ Class:org.quartz.core.QuartzScheduler >> Method: org.quartz.core.QuartzScheduler.standby(QuartzScheduler.java:585) ]
INFO:Scheduler scheduler_$_NON_CLUSTERED paused.
2020-07-16 16:50:21 下午 [Thread: Thread-29][ Class:org.quartz.core.QuartzScheduler >> Method: org.quartz.core.QuartzScheduler.shutdown(QuartzScheduler.java:740) ]
INFO:Scheduler scheduler_$_NON_CLUSTERED shutdown complete.
2020-07-16 16:50:22 下午 [Thread: Thread-29][ Class:com.alibaba.druid.pool.DruidDataSource >> Method: com.alibaba.druid.pool.DruidDataSource.close(DruidDataSource.java:1444) ]
INFO:{dataSource-1} closed
2020-07-16 16:50:30 下午 [Thread: main][ Class:org.springframework.data.repository.config.RepositoryConfigurationDelegate >> Method: org.springframework.data.repository.config.RepositoryConfigurationDelegate.multipleStoresDetected(RepositoryConfigurationDelegate.java:172) ]
INFO:Multiple Spring Data modules found, entering strict repository configuration mode!
2020-07-16 16:50:30 下午 [Thread: main][ Class:org.springframework.data.repository.config.RepositoryConfigurationDelegate >> Method: org.springframework.data.repository.config.RepositoryConfigurationDelegate.multipleStoresDetected(RepositoryConfigurationDelegate.java:172) ]
INFO:Multiple Spring Data modules found, entering strict repository configuration mode!
2020-07-16 16:50:33 下午 [Thread: main][ Class:com.alibaba.druid.pool.DruidDataSource >> Method: com.alibaba.druid.pool.DruidDataSource.init(DruidDataSource.java:715) ]
INFO:{dataSource-1} inited
2020-07-16 16:50:36 下午 [Thread: main][ Class:org.quartz.impl.StdSchedulerFactory >> Method: org.quartz.impl.StdSchedulerFactory.instantiate(StdSchedulerFactory.java:1208) ]
INFO:Using default implementation for ThreadExecutor
2020-07-16 16:50:36 下午 [Thread: main][ Class:org.quartz.core.SchedulerSignalerImpl >> Method: org.quartz.core.SchedulerSignalerImpl.<init>(SchedulerSignalerImpl.java:61) ]
INFO:Initialized Scheduler Signaller of type: class org.quartz.core.SchedulerSignalerImpl
2020-07-16 16:50:36 下午 [Thread: main][ Class:org.quartz.core.QuartzScheduler >> Method: org.quartz.core.QuartzScheduler.<init>(QuartzScheduler.java:229) ]
INFO:Quartz Scheduler v.2.3.0 created.
2020-07-16 16:50:36 下午 [Thread: main][ Class:org.quartz.simpl.RAMJobStore >> Method: org.quartz.simpl.RAMJobStore.initialize(RAMJobStore.java:155) ]
INFO:RAMJobStore initialized.
2020-07-16 16:50:36 下午 [Thread: main][ Class:org.quartz.core.QuartzScheduler >> Method: org.quartz.core.QuartzScheduler.initialize(QuartzScheduler.java:294) ]
INFO:Scheduler meta-data: Quartz Scheduler (v2.3.0) 'scheduler' with instanceId 'NON_CLUSTERED'
  Scheduler class: 'org.quartz.core.QuartzScheduler' - running locally.
  NOT STARTED.
  Currently in standby mode.
  Number of jobs executed: 0
  Using thread pool 'org.quartz.simpl.SimpleThreadPool' - with 10 threads.
  Using job-store 'org.quartz.simpl.RAMJobStore' - which does not support persistence. and is not clustered.

2020-07-16 16:50:36 下午 [Thread: main][ Class:org.quartz.impl.StdSchedulerFactory >> Method: org.quartz.impl.StdSchedulerFactory.instantiate(StdSchedulerFactory.java:1362) ]
INFO:Quartz scheduler 'scheduler' initialized from an externally provided properties instance.
2020-07-16 16:50:36 下午 [Thread: main][ Class:org.quartz.impl.StdSchedulerFactory >> Method: org.quartz.impl.StdSchedulerFactory.instantiate(StdSchedulerFactory.java:1366) ]
INFO:Quartz scheduler version: 2.3.0
2020-07-16 16:50:36 下午 [Thread: main][ Class:org.quartz.core.QuartzScheduler >> Method: org.quartz.core.QuartzScheduler.setJobFactory(QuartzScheduler.java:2287) ]
INFO:JobFactory set to: org.springframework.scheduling.quartz.AdaptableJobFactory@7d9a7fd8
2020-07-16 16:50:38 下午 [Thread: main][ Class:springfox.documentation.spring.web.plugins.DocumentationPluginsBootstrapper >> Method: springfox.documentation.spring.web.plugins.DocumentationPluginsBootstrapper.start(DocumentationPluginsBootstrapper.java:160) ]
INFO:Context refreshed
2020-07-16 16:50:38 下午 [Thread: main][ Class:springfox.documentation.spring.web.plugins.DocumentationPluginsBootstrapper >> Method: springfox.documentation.spring.web.plugins.DocumentationPluginsBootstrapper.start(DocumentationPluginsBootstrapper.java:163) ]
INFO:Found 1 custom documentation plugin(s)
2020-07-16 16:50:38 下午 [Thread: main][ Class:springfox.documentation.spring.web.scanners.ApiListingReferenceScanner >> Method: springfox.documentation.spring.web.scanners.ApiListingReferenceScanner.scan(ApiListingReferenceScanner.java:41) ]
INFO:Scanning for api listing references
2020-07-16 16:50:38 下午 [Thread: main][ Class:com.vingsoft.OaApplication >> Method: com.vingsoft.OaApplication.main(OaApplication.java:53) ]
INFO:Oa Application is sussess!
2020-07-16 16:50:39 下午 [Thread: Quartz Scheduler [scheduler]][ Class:org.quartz.core.QuartzScheduler >> Method: org.quartz.core.QuartzScheduler.start(QuartzScheduler.java:547) ]
INFO:Scheduler scheduler_$_NON_CLUSTERED started.
2020-07-16 16:50:42 下午 [Thread: http-nio-2020-exec-2][ Class:MyExceptionHandler >> Method: com.vingsoft.exception.MyExceptionHandler.errorHandler(MyExceptionHandler.java:38) ]
ERROR:java.sql.SQLException: sql injection violation, syntax error: syntax error, error in :'rder by k.create_date desc
	
',expect BY, actual BY by : 	select
count(1)	from zsk_doc_knowledge k left join zsk_knowledge_classify c on k.doc_classify = c.uuid  
	where 1=1 and 
	order by k.create_date desc
	

org.beetl.sql.core.BeetlSQLException: java.sql.SQLException: sql injection violation, syntax error: syntax error, error in :'rder by k.create_date desc
	
',expect BY, actual BY by : 	select
count(1)	from zsk_doc_knowledge k left join zsk_knowledge_classify c on k.doc_classify = c.uuid  
	where 1=1 and 
	order by k.create_date desc
	

	at org.beetl.sql.core.SQLScript.select(SQLScript.java:372)
	at org.beetl.sql.core.SQLScript.select(SQLScript.java:380)
	at org.beetl.sql.core.SQLScript.selectSingle(SQLScript.java:293)
	at org.beetl.sql.core.SQLManager.selectSingle(SQLManager.java:974)
	at org.beetl.sql.core.SQLManager.pageQuery(SQLManager.java:634)
	at org.beetl.sql.core.SQLManager.pageQuery(SQLManager.java:586)
	at com.vingsoft.oa.common.base.BaseService.findPage(BaseService.java:79)
	at com.vingsoft.oa.open.doc.service.DocKnowledgeService.findPage(DocKnowledgeService.java:34)
	at com.vingsoft.oa.open.doc.service.DocKnowledgeService$$FastClassBySpringCGLIB$$2d999ccd.invoke(<generated>)
	at org.springframework.cglib.proxy.MethodProxy.invoke(MethodProxy.java:204)
	at org.springframework.aop.framework.CglibAopProxy$CglibMethodInvocation.invokeJoinpoint(CglibAopProxy.java:746)
	at org.springframework.aop.framework.ReflectiveMethodInvocation.proceed(ReflectiveMethodInvocation.java:163)
	at org.springframework.transaction.interceptor.TransactionAspectSupport.invokeWithinTransaction(TransactionAspectSupport.java:294)
	at org.springframework.transaction.interceptor.TransactionInterceptor.invoke(TransactionInterceptor.java:98)
	at org.springframework.aop.framework.ReflectiveMethodInvocation.proceed(ReflectiveMethodInvocation.java:185)
	at org.springframework.aop.framework.CglibAopProxy$DynamicAdvisedInterceptor.intercept(CglibAopProxy.java:688)
	at com.vingsoft.oa.open.doc.service.DocKnowledgeService$$EnhancerBySpringCGLIB$$3e2c76b7.findPage(<generated>)
	at com.vingsoft.oa.open.doc.service.DocKnowledgeService$$FastClassBySpringCGLIB$$2d999ccd.invoke(<generated>)
	at org.springframework.cglib.proxy.MethodProxy.invoke(MethodProxy.java:204)
	at org.springframework.aop.framework.CglibAopProxy$CglibMethodInvocation.invokeJoinpoint(CglibAopProxy.java:746)
	at org.springframework.aop.framework.ReflectiveMethodInvocation.proceed(ReflectiveMethodInvocation.java:163)
	at org.springframework.transaction.interceptor.TransactionAspectSupport.invokeWithinTransaction(TransactionAspectSupport.java:294)
	at org.springframework.transaction.interceptor.TransactionInterceptor.invoke(TransactionInterceptor.java:98)
	at org.springframework.aop.framework.ReflectiveMethodInvocation.proceed(ReflectiveMethodInvocation.java:185)
	at org.springframework.aop.framework.CglibAopProxy$DynamicAdvisedInterceptor.intercept(CglibAopProxy.java:688)
	at com.vingsoft.oa.open.doc.service.DocKnowledgeService$$EnhancerBySpringCGLIB$$e2e5d3.findPage(<generated>)
	at com.vingsoft.oa.open.doc.controller.DocKnowledgeController.getKnowledgeClassify(DocKnowledgeController.java:691)
	at com.vingsoft.oa.open.doc.controller.DocKnowledgeController$$FastClassBySpringCGLIB$$d994a7cb.invoke(<generated>)
	at org.springframework.cglib.proxy.MethodProxy.invoke(MethodProxy.java:204)
	at org.springframework.aop.framework.CglibAopProxy$CglibMethodInvocation.invokeJoinpoint(CglibAopProxy.java:746)
	at org.springframework.aop.framework.ReflectiveMethodInvocation.proceed(ReflectiveMethodInvocation.java:163)
	at org.springframework.transaction.interceptor.TransactionAspectSupport.invokeWithinTransaction(TransactionAspectSupport.java:294)
	at org.springframework.transaction.interceptor.TransactionInterceptor.invoke(TransactionInterceptor.java:98)
	at org.springframework.aop.framework.ReflectiveMethodInvocation.proceed(ReflectiveMethodInvocation.java:185)
	at org.springframework.aop.framework.CglibAopProxy$DynamicAdvisedInterceptor.intercept(CglibAopProxy.java:688)
	at com.vingsoft.oa.open.doc.controller.DocKnowledgeController$$EnhancerBySpringCGLIB$$9ea56671.getKnowledgeClassify(<generated>)
	at com.vingsoft.oa.open.doc.controller.DocKnowledgeController$$FastClassBySpringCGLIB$$d994a7cb.invoke(<generated>)
	at org.springframework.cglib.proxy.MethodProxy.invoke(MethodProxy.java:204)
	at org.springframework.aop.framework.CglibAopProxy$CglibMethodInvocation.invokeJoinpoint(CglibAopProxy.java:746)
	at org.springframework.aop.framework.ReflectiveMethodInvocation.proceed(ReflectiveMethodInvocation.java:163)
	at org.springframework.transaction.interceptor.TransactionAspectSupport.invokeWithinTransaction(TransactionAspectSupport.java:294)
	at org.springframework.transaction.interceptor.TransactionInterceptor.invoke(TransactionInterceptor.java:98)
	at org.springframework.aop.framework.ReflectiveMethodInvocation.proceed(ReflectiveMethodInvocation.java:185)
	at org.springframework.aop.framework.CglibAopProxy$DynamicAdvisedInterceptor.intercept(CglibAopProxy.java:688)
	at com.vingsoft.oa.open.doc.controller.DocKnowledgeController$$EnhancerBySpringCGLIB$$58a13ea1.getKnowledgeClassify(<generated>)
	at sun.reflect.NativeMethodAccessorImpl.invoke0(Native Method)
	at sun.reflect.NativeMethodAccessorImpl.invoke(NativeMethodAccessorImpl.java:62)
	at sun.reflect.DelegatingMethodAccessorImpl.invoke(DelegatingMethodAccessorImpl.java:43)
	at java.lang.reflect.Method.invoke(Method.java:498)
	at org.springframework.web.method.support.InvocableHandlerMethod.doInvoke(InvocableHandlerMethod.java:209)
	at org.springframework.web.method.support.InvocableHandlerMethod.invokeForRequest(InvocableHandlerMethod.java:136)
	at org.springframework.web.servlet.mvc.method.annotation.ServletInvocableHandlerMethod.invokeAndHandle(ServletInvocableHandlerMethod.java:102)
	at org.springframework.web.servlet.mvc.method.annotation.RequestMappingHandlerAdapter.invokeHandlerMethod(RequestMappingHandlerAdapter.java:891)
	at org.springframework.web.servlet.mvc.method.annotation.RequestMappingHandlerAdapter.handleInternal(RequestMappingHandlerAdapter.java:797)
	at org.springframework.web.servlet.mvc.method.AbstractHandlerMethodAdapter.handle(AbstractHandlerMethodAdapter.java:87)
	at org.springframework.web.servlet.DispatcherServlet.doDispatch(DispatcherServlet.java:991)
	at org.springframework.web.servlet.DispatcherServlet.doService(DispatcherServlet.java:925)
	at org.springframework.web.servlet.FrameworkServlet.processRequest(FrameworkServlet.java:981)
	at org.springframework.web.servlet.FrameworkServlet.doGet(FrameworkServlet.java:873)
	at javax.servlet.http.HttpServlet.service(HttpServlet.java:635)
	at org.springframework.web.servlet.FrameworkServlet.service(FrameworkServlet.java:858)
	at javax.servlet.http.HttpServlet.service(HttpServlet.java:742)
	at org.apache.catalina.core.ApplicationFilterChain.internalDoFilter(ApplicationFilterChain.java:231)
	at org.apache.catalina.core.ApplicationFilterChain.doFilter(ApplicationFilterChain.java:166)
	at org.apache.tomcat.websocket.server.WsFilter.doFilter(WsFilter.java:52)
	at org.apache.catalina.core.ApplicationFilterChain.internalDoFilter(ApplicationFilterChain.java:193)
	at org.apache.catalina.core.ApplicationFilterChain.doFilter(ApplicationFilterChain.java:166)
	at org.apache.shiro.web.servlet.AdviceFilter.executeChain(AdviceFilter.java:108)
	at org.apache.shiro.web.servlet.AdviceFilter.doFilterInternal(AdviceFilter.java:137)
	at org.apache.shiro.web.servlet.OncePerRequestFilter.doFilter(OncePerRequestFilter.java:125)
	at org.apache.catalina.core.ApplicationFilterChain.internalDoFilter(ApplicationFilterChain.java:193)
	at org.apache.catalina.core.ApplicationFilterChain.doFilter(ApplicationFilterChain.java:166)
	at org.apache.shiro.web.servlet.ProxiedFilterChain.doFilter(ProxiedFilterChain.java:61)
	at org.apache.shiro.web.servlet.AdviceFilter.executeChain(AdviceFilter.java:108)
	at org.apache.shiro.web.servlet.AdviceFilter.doFilterInternal(AdviceFilter.java:137)
	at org.apache.shiro.web.servlet.OncePerRequestFilter.doFilter(OncePerRequestFilter.java:125)
	at org.apache.shiro.web.servlet.ProxiedFilterChain.doFilter(ProxiedFilterChain.java:66)
	at org.apache.shiro.web.servlet.AbstractShiroFilter.executeChain(AbstractShiroFilter.java:449)
	at org.apache.shiro.web.servlet.AbstractShiroFilter$1.call(AbstractShiroFilter.java:365)
	at org.apache.shiro.subject.support.SubjectCallable.doCall(SubjectCallable.java:90)
	at org.apache.shiro.subject.support.SubjectCallable.call(SubjectCallable.java:83)
	at org.apache.shiro.subject.support.DelegatingSubject.execute(DelegatingSubject.java:387)
	at org.apache.shiro.web.servlet.AbstractShiroFilter.doFilterInternal(AbstractShiroFilter.java:362)
	at org.apache.shiro.web.servlet.OncePerRequestFilter.doFilter(OncePerRequestFilter.java:125)
	at org.apache.catalina.core.ApplicationFilterChain.internalDoFilter(ApplicationFilterChain.java:193)
	at org.apache.catalina.core.ApplicationFilterChain.doFilter(ApplicationFilterChain.java:166)
	at com.alibaba.druid.support.http.WebStatFilter.doFilter(WebStatFilter.java:123)
	at org.apache.catalina.core.ApplicationFilterChain.internalDoFilter(ApplicationFilterChain.java:193)
	at org.apache.catalina.core.ApplicationFilterChain.doFilter(ApplicationFilterChain.java:166)
	at org.springframework.web.filter.RequestContextFilter.doFilterInternal(RequestContextFilter.java:99)
	at org.springframework.web.filter.OncePerRequestFilter.doFilter(OncePerRequestFilter.java:107)
	at org.apache.catalina.core.ApplicationFilterChain.internalDoFilter(ApplicationFilterChain.java:193)
	at org.apache.catalina.core.ApplicationFilterChain.doFilter(ApplicationFilterChain.java:166)
	at org.springframework.web.filter.HttpPutFormContentFilter.doFilterInternal(HttpPutFormContentFilter.java:109)
	at org.springframework.web.filter.OncePerRequestFilter.doFilter(OncePerRequestFilter.java:107)
	at org.apache.catalina.core.ApplicationFilterChain.internalDoFilter(ApplicationFilterChain.java:193)
	at org.apache.catalina.core.ApplicationFilterChain.doFilter(ApplicationFilterChain.java:166)
	at org.springframework.web.filter.HiddenHttpMethodFilter.doFilterInternal(HiddenHttpMethodFilter.java:93)
	at org.springframework.web.filter.OncePerRequestFilter.doFilter(OncePerRequestFilter.java:107)
	at org.apache.catalina.core.ApplicationFilterChain.internalDoFilter(ApplicationFilterChain.java:193)
	at org.apache.catalina.core.ApplicationFilterChain.doFilter(ApplicationFilterChain.java:166)
	at org.springframework.web.filter.CharacterEncodingFilter.doFilterInternal(CharacterEncodingFilter.java:200)
	at org.springframework.web.filter.OncePerRequestFilter.doFilter(OncePerRequestFilter.java:107)
	at org.apache.catalina.core.ApplicationFilterChain.internalDoFilter(ApplicationFilterChain.java:193)
	at org.apache.catalina.core.ApplicationFilterChain.doFilter(ApplicationFilterChain.java:166)
	at org.apache.catalina.core.StandardWrapperValve.invoke(StandardWrapperValve.java:198)
	at org.apache.catalina.core.StandardContextValve.invoke(StandardContextValve.java:96)
	at org.apache.catalina.authenticator.AuthenticatorBase.invoke(AuthenticatorBase.java:493)
	at org.apache.catalina.core.StandardHostValve.invoke(StandardHostValve.java:140)
	at org.apache.catalina.valves.ErrorReportValve.invoke(ErrorReportValve.java:81)
	at org.apache.catalina.core.StandardEngineValve.invoke(StandardEngineValve.java:87)
	at org.apache.catalina.connector.CoyoteAdapter.service(CoyoteAdapter.java:342)
	at org.apache.coyote.http11.Http11Processor.service(Http11Processor.java:800)
	at org.apache.coyote.AbstractProcessorLight.process(AbstractProcessorLight.java:66)
	at org.apache.coyote.AbstractProtocol$ConnectionHandler.process(AbstractProtocol.java:806)
	at org.apache.tomcat.util.net.NioEndpoint$SocketProcessor.doRun(NioEndpoint.java:1498)
	at org.apache.tomcat.util.net.SocketProcessorBase.run(SocketProcessorBase.java:49)
	at java.util.concurrent.ThreadPoolExecutor.runWorker(ThreadPoolExecutor.java:1149)
	at java.util.concurrent.ThreadPoolExecutor$Worker.run(ThreadPoolExecutor.java:624)
	at org.apache.tomcat.util.threads.TaskThread$WrappingRunnable.run(TaskThread.java:61)
	at java.lang.Thread.run(Thread.java:748)
Caused by: java.sql.SQLException: sql injection violation, syntax error: syntax error, error in :'rder by k.create_date desc
	
',expect BY, actual BY by : 	select
count(1)	from zsk_doc_knowledge k left join zsk_knowledge_classify c on k.doc_classify = c.uuid  
	where 1=1 and 
	order by k.create_date desc
	

	at com.alibaba.druid.wall.WallFilter.check(WallFilter.java:724)
	at com.alibaba.druid.wall.WallFilter.connection_prepareStatement(WallFilter.java:252)
	at com.alibaba.druid.filter.FilterChainImpl.connection_prepareStatement(FilterChainImpl.java:448)
	at com.alibaba.druid.filter.FilterAdapter.connection_prepareStatement(FilterAdapter.java:928)
	at com.alibaba.druid.filter.FilterEventAdapter.connection_prepareStatement(FilterEventAdapter.java:122)
	at com.alibaba.druid.filter.FilterChainImpl.connection_prepareStatement(FilterChainImpl.java:448)
	at com.alibaba.druid.proxy.jdbc.ConnectionProxyImpl.prepareStatement(ConnectionProxyImpl.java:342)
	at com.alibaba.druid.pool.DruidPooledConnection.prepareStatement(DruidPooledConnection.java:331)
	at org.beetl.sql.core.SQLScript.select(SQLScript.java:342)
	... 120 more
Caused by: com.alibaba.druid.sql.parser.ParserException: syntax error, error in :'rder by k.create_date desc
	
',expect BY, actual BY by
	at com.alibaba.druid.sql.parser.SQLParser.printError(SQLParser.java:239)
	at com.alibaba.druid.sql.parser.SQLStatementParser.parseStatementList(SQLStatementParser.java:424)
	at com.alibaba.druid.sql.parser.SQLStatementParser.parseStatementList(SQLStatementParser.java:147)
	at com.alibaba.druid.wall.WallProvider.checkInternal(WallProvider.java:620)
	at com.alibaba.druid.wall.WallProvider.check(WallProvider.java:574)
	at com.alibaba.druid.wall.WallFilter.check(WallFilter.java:711)
	... 128 more
2020-07-16 16:50:42 下午 [Thread: scheduler_Worker-1][ Class:io.lettuce.core.EpollProvider >> Method: io.lettuce.core.EpollProvider.<clinit>(EpollProvider.java:68) ]
INFO:Starting without optional epoll library
2020-07-16 16:50:42 下午 [Thread: scheduler_Worker-1][ Class:io.lettuce.core.KqueueProvider >> Method: io.lettuce.core.KqueueProvider.<clinit>(KqueueProvider.java:70) ]
INFO:Starting without optional kqueue library
2020-07-16 16:50:46 下午 [Thread: http-nio-2020-exec-4][ Class:MyExceptionHandler >> Method: com.vingsoft.exception.MyExceptionHandler.errorHandler(MyExceptionHandler.java:38) ]
ERROR:java.sql.SQLException: sql injection violation, syntax error: syntax error, error in :'rder by k.create_date desc
	
',expect BY, actual BY by : 	select
count(1)	from zsk_doc_knowledge k left join zsk_knowledge_classify c on k.doc_classify = c.uuid  
	where 1=1 and 
	order by k.create_date desc
	

org.beetl.sql.core.BeetlSQLException: java.sql.SQLException: sql injection violation, syntax error: syntax error, error in :'rder by k.create_date desc
	
',expect BY, actual BY by : 	select
count(1)	from zsk_doc_knowledge k left join zsk_knowledge_classify c on k.doc_classify = c.uuid  
	where 1=1 and 
	order by k.create_date desc
	

	at org.beetl.sql.core.SQLScript.select(SQLScript.java:372)
	at org.beetl.sql.core.SQLScript.select(SQLScript.java:380)
	at org.beetl.sql.core.SQLScript.selectSingle(SQLScript.java:293)
	at org.beetl.sql.core.SQLManager.selectSingle(SQLManager.java:974)
	at org.beetl.sql.core.SQLManager.pageQuery(SQLManager.java:634)
	at org.beetl.sql.core.SQLManager.pageQuery(SQLManager.java:586)
	at com.vingsoft.oa.common.base.BaseService.findPage(BaseService.java:79)
	at com.vingsoft.oa.open.doc.service.DocKnowledgeService.findPage(DocKnowledgeService.java:34)
	at com.vingsoft.oa.open.doc.service.DocKnowledgeService$$FastClassBySpringCGLIB$$2d999ccd.invoke(<generated>)
	at org.springframework.cglib.proxy.MethodProxy.invoke(MethodProxy.java:204)
	at org.springframework.aop.framework.CglibAopProxy$CglibMethodInvocation.invokeJoinpoint(CglibAopProxy.java:746)
	at org.springframework.aop.framework.ReflectiveMethodInvocation.proceed(ReflectiveMethodInvocation.java:163)
	at org.springframework.transaction.interceptor.TransactionAspectSupport.invokeWithinTransaction(TransactionAspectSupport.java:294)
	at org.springframework.transaction.interceptor.TransactionInterceptor.invoke(TransactionInterceptor.java:98)
	at org.springframework.aop.framework.ReflectiveMethodInvocation.proceed(ReflectiveMethodInvocation.java:185)
	at org.springframework.aop.framework.CglibAopProxy$DynamicAdvisedInterceptor.intercept(CglibAopProxy.java:688)
	at com.vingsoft.oa.open.doc.service.DocKnowledgeService$$EnhancerBySpringCGLIB$$3e2c76b7.findPage(<generated>)
	at com.vingsoft.oa.open.doc.service.DocKnowledgeService$$FastClassBySpringCGLIB$$2d999ccd.invoke(<generated>)
	at org.springframework.cglib.proxy.MethodProxy.invoke(MethodProxy.java:204)
	at org.springframework.aop.framework.CglibAopProxy$CglibMethodInvocation.invokeJoinpoint(CglibAopProxy.java:746)
	at org.springframework.aop.framework.ReflectiveMethodInvocation.proceed(ReflectiveMethodInvocation.java:163)
	at org.springframework.transaction.interceptor.TransactionAspectSupport.invokeWithinTransaction(TransactionAspectSupport.java:294)
	at org.springframework.transaction.interceptor.TransactionInterceptor.invoke(TransactionInterceptor.java:98)
	at org.springframework.aop.framework.ReflectiveMethodInvocation.proceed(ReflectiveMethodInvocation.java:185)
	at org.springframework.aop.framework.CglibAopProxy$DynamicAdvisedInterceptor.intercept(CglibAopProxy.java:688)
	at com.vingsoft.oa.open.doc.service.DocKnowledgeService$$EnhancerBySpringCGLIB$$e2e5d3.findPage(<generated>)
	at com.vingsoft.oa.common.controller.IndexController.list(IndexController.java:54)
	at sun.reflect.NativeMethodAccessorImpl.invoke0(Native Method)
	at sun.reflect.NativeMethodAccessorImpl.invoke(NativeMethodAccessorImpl.java:62)
	at sun.reflect.DelegatingMethodAccessorImpl.invoke(DelegatingMethodAccessorImpl.java:43)
	at java.lang.reflect.Method.invoke(Method.java:498)
	at org.springframework.web.method.support.InvocableHandlerMethod.doInvoke(InvocableHandlerMethod.java:209)
	at org.springframework.web.method.support.InvocableHandlerMethod.invokeForRequest(InvocableHandlerMethod.java:136)
	at org.springframework.web.servlet.mvc.method.annotation.ServletInvocableHandlerMethod.invokeAndHandle(ServletInvocableHandlerMethod.java:102)
	at org.springframework.web.servlet.mvc.method.annotation.RequestMappingHandlerAdapter.invokeHandlerMethod(RequestMappingHandlerAdapter.java:891)
	at org.springframework.web.servlet.mvc.method.annotation.RequestMappingHandlerAdapter.handleInternal(RequestMappingHandlerAdapter.java:797)
	at org.springframework.web.servlet.mvc.method.AbstractHandlerMethodAdapter.handle(AbstractHandlerMethodAdapter.java:87)
	at org.springframework.web.servlet.DispatcherServlet.doDispatch(DispatcherServlet.java:991)
	at org.springframework.web.servlet.DispatcherServlet.doService(DispatcherServlet.java:925)
	at org.springframework.web.servlet.FrameworkServlet.processRequest(FrameworkServlet.java:981)
	at org.springframework.web.servlet.FrameworkServlet.doGet(FrameworkServlet.java:873)
	at javax.servlet.http.HttpServlet.service(HttpServlet.java:635)
	at org.springframework.web.servlet.FrameworkServlet.service(FrameworkServlet.java:858)
	at javax.servlet.http.HttpServlet.service(HttpServlet.java:742)
	at org.apache.catalina.core.ApplicationFilterChain.internalDoFilter(ApplicationFilterChain.java:231)
	at org.apache.catalina.core.ApplicationFilterChain.doFilter(ApplicationFilterChain.java:166)
	at org.apache.tomcat.websocket.server.WsFilter.doFilter(WsFilter.java:52)
	at org.apache.catalina.core.ApplicationFilterChain.internalDoFilter(ApplicationFilterChain.java:193)
	at org.apache.catalina.core.ApplicationFilterChain.doFilter(ApplicationFilterChain.java:166)
	at org.apache.shiro.web.servlet.AdviceFilter.executeChain(AdviceFilter.java:108)
	at org.apache.shiro.web.servlet.AdviceFilter.doFilterInternal(AdviceFilter.java:137)
	at org.apache.shiro.web.servlet.OncePerRequestFilter.doFilter(OncePerRequestFilter.java:125)
	at org.apache.catalina.core.ApplicationFilterChain.internalDoFilter(ApplicationFilterChain.java:193)
	at org.apache.catalina.core.ApplicationFilterChain.doFilter(ApplicationFilterChain.java:166)
	at org.apache.shiro.web.servlet.ProxiedFilterChain.doFilter(ProxiedFilterChain.java:61)
	at org.apache.shiro.web.servlet.AdviceFilter.executeChain(AdviceFilter.java:108)
	at org.apache.shiro.web.servlet.AdviceFilter.doFilterInternal(AdviceFilter.java:137)
	at org.apache.shiro.web.servlet.OncePerRequestFilter.doFilter(OncePerRequestFilter.java:125)
	at org.apache.shiro.web.servlet.ProxiedFilterChain.doFilter(ProxiedFilterChain.java:66)
	at org.apache.shiro.web.servlet.AbstractShiroFilter.executeChain(AbstractShiroFilter.java:449)
	at org.apache.shiro.web.servlet.AbstractShiroFilter$1.call(AbstractShiroFilter.java:365)
	at org.apache.shiro.subject.support.SubjectCallable.doCall(SubjectCallable.java:90)
	at org.apache.shiro.subject.support.SubjectCallable.call(SubjectCallable.java:83)
	at org.apache.shiro.subject.support.DelegatingSubject.execute(DelegatingSubject.java:387)
	at org.apache.shiro.web.servlet.AbstractShiroFilter.doFilterInternal(AbstractShiroFilter.java:362)
	at org.apache.shiro.web.servlet.OncePerRequestFilter.doFilter(OncePerRequestFilter.java:125)
	at org.apache.catalina.core.ApplicationFilterChain.internalDoFilter(ApplicationFilterChain.java:193)
	at org.apache.catalina.core.ApplicationFilterChain.doFilter(ApplicationFilterChain.java:166)
	at com.alibaba.druid.support.http.WebStatFilter.doFilter(WebStatFilter.java:123)
	at org.apache.catalina.core.ApplicationFilterChain.internalDoFilter(ApplicationFilterChain.java:193)
	at org.apache.catalina.core.ApplicationFilterChain.doFilter(ApplicationFilterChain.java:166)
	at org.springframework.web.filter.RequestContextFilter.doFilterInternal(RequestContextFilter.java:99)
	at org.springframework.web.filter.OncePerRequestFilter.doFilter(OncePerRequestFilter.java:107)
	at org.apache.catalina.core.ApplicationFilterChain.internalDoFilter(ApplicationFilterChain.java:193)
	at org.apache.catalina.core.ApplicationFilterChain.doFilter(ApplicationFilterChain.java:166)
	at org.springframework.web.filter.HttpPutFormContentFilter.doFilterInternal(HttpPutFormContentFilter.java:109)
	at org.springframework.web.filter.OncePerRequestFilter.doFilter(OncePerRequestFilter.java:107)
	at org.apache.catalina.core.ApplicationFilterChain.internalDoFilter(ApplicationFilterChain.java:193)
	at org.apache.catalina.core.ApplicationFilterChain.doFilter(ApplicationFilterChain.java:166)
	at org.springframework.web.filter.HiddenHttpMethodFilter.doFilterInternal(HiddenHttpMethodFilter.java:93)
	at org.springframework.web.filter.OncePerRequestFilter.doFilter(OncePerRequestFilter.java:107)
	at org.apache.catalina.core.ApplicationFilterChain.internalDoFilter(ApplicationFilterChain.java:193)
	at org.apache.catalina.core.ApplicationFilterChain.doFilter(ApplicationFilterChain.java:166)
	at org.springframework.web.filter.CharacterEncodingFilter.doFilterInternal(CharacterEncodingFilter.java:200)
	at org.springframework.web.filter.OncePerRequestFilter.doFilter(OncePerRequestFilter.java:107)
	at org.apache.catalina.core.ApplicationFilterChain.internalDoFilter(ApplicationFilterChain.java:193)
	at org.apache.catalina.core.ApplicationFilterChain.doFilter(ApplicationFilterChain.java:166)
	at org.apache.catalina.core.StandardWrapperValve.invoke(StandardWrapperValve.java:198)
	at org.apache.catalina.core.StandardContextValve.invoke(StandardContextValve.java:96)
	at org.apache.catalina.authenticator.AuthenticatorBase.invoke(AuthenticatorBase.java:493)
	at org.apache.catalina.core.StandardHostValve.invoke(StandardHostValve.java:140)
	at org.apache.catalina.valves.ErrorReportValve.invoke(ErrorReportValve.java:81)
	at org.apache.catalina.core.StandardEngineValve.invoke(StandardEngineValve.java:87)
	at org.apache.catalina.connector.CoyoteAdapter.service(CoyoteAdapter.java:342)
	at org.apache.coyote.http11.Http11Processor.service(Http11Processor.java:800)
	at org.apache.coyote.AbstractProcessorLight.process(AbstractProcessorLight.java:66)
	at org.apache.coyote.AbstractProtocol$ConnectionHandler.process(AbstractProtocol.java:806)
	at org.apache.tomcat.util.net.NioEndpoint$SocketProcessor.doRun(NioEndpoint.java:1498)
	at org.apache.tomcat.util.net.SocketProcessorBase.run(SocketProcessorBase.java:49)
	at java.util.concurrent.ThreadPoolExecutor.runWorker(ThreadPoolExecutor.java:1149)
	at java.util.concurrent.ThreadPoolExecutor$Worker.run(ThreadPoolExecutor.java:624)
	at org.apache.tomcat.util.threads.TaskThread$WrappingRunnable.run(TaskThread.java:61)
	at java.lang.Thread.run(Thread.java:748)
Caused by: java.sql.SQLException: sql injection violation, syntax error: syntax error, error in :'rder by k.create_date desc
	
',expect BY, actual BY by : 	select
count(1)	from zsk_doc_knowledge k left join zsk_knowledge_classify c on k.doc_classify = c.uuid  
	where 1=1 and 
	order by k.create_date desc
	

	at com.alibaba.druid.wall.WallFilter.check(WallFilter.java:724)
	at com.alibaba.druid.wall.WallFilter.connection_prepareStatement(WallFilter.java:252)
	at com.alibaba.druid.filter.FilterChainImpl.connection_prepareStatement(FilterChainImpl.java:448)
	at com.alibaba.druid.filter.FilterAdapter.connection_prepareStatement(FilterAdapter.java:928)
	at com.alibaba.druid.filter.FilterEventAdapter.connection_prepareStatement(FilterEventAdapter.java:122)
	at com.alibaba.druid.filter.FilterChainImpl.connection_prepareStatement(FilterChainImpl.java:448)
	at com.alibaba.druid.proxy.jdbc.ConnectionProxyImpl.prepareStatement(ConnectionProxyImpl.java:342)
	at com.alibaba.druid.pool.DruidPooledConnection.prepareStatement(DruidPooledConnection.java:331)
	at org.beetl.sql.core.SQLScript.select(SQLScript.java:342)
	... 102 more
Caused by: com.alibaba.druid.sql.parser.ParserException: syntax error, error in :'rder by k.create_date desc
	
',expect BY, actual BY by
	at com.alibaba.druid.sql.parser.SQLParser.printError(SQLParser.java:239)
	at com.alibaba.druid.sql.parser.SQLStatementParser.parseStatementList(SQLStatementParser.java:424)
	at com.alibaba.druid.sql.parser.SQLStatementParser.parseStatementList(SQLStatementParser.java:147)
	at com.alibaba.druid.wall.WallProvider.checkInternal(WallProvider.java:620)
	at com.alibaba.druid.wall.WallProvider.check(WallProvider.java:574)
	at com.alibaba.druid.wall.WallFilter.check(WallFilter.java:711)
	at com.alibaba.druid.wall.WallFilter.connection_prepareStatement(WallFilter.java:252)
	at com.alibaba.druid.filter.FilterChainImpl.connection_prepareStatement(FilterChainImpl.java:448)
	at com.alibaba.druid.filter.FilterAdapter.connection_prepareStatement(FilterAdapter.java:928)
	at com.alibaba.druid.filter.FilterEventAdapter.connection_prepareStatement(FilterEventAdapter.java:122)
	at com.alibaba.druid.filter.FilterChainImpl.connection_prepareStatement(FilterChainImpl.java:448)
	at com.alibaba.druid.proxy.jdbc.ConnectionProxyImpl.prepareStatement(ConnectionProxyImpl.java:342)
	at com.alibaba.druid.pool.DruidPooledConnection.prepareStatement(DruidPooledConnection.java:331)
	at org.beetl.sql.core.SQLScript.select(SQLScript.java:342)
	at org.beetl.sql.core.SQLScript.select(SQLScript.java:380)
	at org.beetl.sql.core.SQLScript.selectSingle(SQLScript.java:293)
	at org.beetl.sql.core.SQLManager.selectSingle(SQLManager.java:974)
	at org.beetl.sql.core.SQLManager.pageQuery(SQLManager.java:634)
	at org.beetl.sql.core.SQLManager.pageQuery(SQLManager.java:586)
	at com.vingsoft.oa.common.base.BaseService.findPage(BaseService.java:79)
	at com.vingsoft.oa.open.doc.service.DocKnowledgeService.findPage(DocKnowledgeService.java:34)
	at com.vingsoft.oa.open.doc.service.DocKnowledgeService$$FastClassBySpringCGLIB$$2d999ccd.invoke(<generated>)
	at org.springframework.cglib.proxy.MethodProxy.invoke(MethodProxy.java:204)
	at org.springframework.aop.framework.CglibAopProxy$CglibMethodInvocation.invokeJoinpoint(CglibAopProxy.java:746)
	at org.springframework.aop.framework.ReflectiveMethodInvocation.proceed(ReflectiveMethodInvocation.java:163)
	at org.springframework.transaction.interceptor.TransactionAspectSupport.invokeWithinTransaction(TransactionAspectSupport.java:294)
	at org.springframework.transaction.interceptor.TransactionInterceptor.invoke(TransactionInterceptor.java:98)
	at org.springframework.aop.framework.ReflectiveMethodInvocation.proceed(ReflectiveMethodInvocation.java:185)
	at org.springframework.aop.framework.CglibAopProxy$DynamicAdvisedInterceptor.intercept(CglibAopProxy.java:688)
	at com.vingsoft.oa.open.doc.service.DocKnowledgeService$$EnhancerBySpringCGLIB$$3e2c76b7.findPage(<generated>)
	at com.vingsoft.oa.open.doc.service.DocKnowledgeService$$FastClassBySpringCGLIB$$2d999ccd.invoke(<generated>)
	at org.springframework.cglib.proxy.MethodProxy.invoke(MethodProxy.java:204)
	at org.springframework.aop.framework.CglibAopProxy$CglibMethodInvocation.invokeJoinpoint(CglibAopProxy.java:746)
	at org.springframework.aop.framework.ReflectiveMethodInvocation.proceed(ReflectiveMethodInvocation.java:163)
	at org.springframework.transaction.interceptor.TransactionAspectSupport.invokeWithinTransaction(TransactionAspectSupport.java:294)
	at org.springframework.transaction.interceptor.TransactionInterceptor.invoke(TransactionInterceptor.java:98)
	at org.springframework.aop.framework.ReflectiveMethodInvocation.proceed(ReflectiveMethodInvocation.java:185)
	at org.springframework.aop.framework.CglibAopProxy$DynamicAdvisedInterceptor.intercept(CglibAopProxy.java:688)
	at com.vingsoft.oa.open.doc.service.DocKnowledgeService$$EnhancerBySpringCGLIB$$e2e5d3.findPage(<generated>)
	at com.vingsoft.oa.open.doc.controller.DocKnowledgeController.getKnowledgeClassify(DocKnowledgeController.java:691)
	at com.vingsoft.oa.open.doc.controller.DocKnowledgeController$$FastClassBySpringCGLIB$$d994a7cb.invoke(<generated>)
	at org.springframework.cglib.proxy.MethodProxy.invoke(MethodProxy.java:204)
	at org.springframework.aop.framework.CglibAopProxy$CglibMethodInvocation.invokeJoinpoint(CglibAopProxy.java:746)
	at org.springframework.aop.framework.ReflectiveMethodInvocation.proceed(ReflectiveMethodInvocation.java:163)
	at org.springframework.transaction.interceptor.TransactionAspectSupport.invokeWithinTransaction(TransactionAspectSupport.java:294)
	at org.springframework.transaction.interceptor.TransactionInterceptor.invoke(TransactionInterceptor.java:98)
	at org.springframework.aop.framework.ReflectiveMethodInvocation.proceed(ReflectiveMethodInvocation.java:185)
	at org.springframework.aop.framework.CglibAopProxy$DynamicAdvisedInterceptor.intercept(CglibAopProxy.java:688)
	at com.vingsoft.oa.open.doc.controller.DocKnowledgeController$$EnhancerBySpringCGLIB$$9ea56671.getKnowledgeClassify(<generated>)
	at com.vingsoft.oa.open.doc.controller.DocKnowledgeController$$FastClassBySpringCGLIB$$d994a7cb.invoke(<generated>)
	at org.springframework.cglib.proxy.MethodProxy.invoke(MethodProxy.java:204)
	at org.springframework.aop.framework.CglibAopProxy$CglibMethodInvocation.invokeJoinpoint(CglibAopProxy.java:746)
	at org.springframework.aop.framework.ReflectiveMethodInvocation.proceed(ReflectiveMethodInvocation.java:163)
	at org.springframework.transaction.interceptor.TransactionAspectSupport.invokeWithinTransaction(TransactionAspectSupport.java:294)
	at org.springframework.transaction.interceptor.TransactionInterceptor.invoke(TransactionInterceptor.java:98)
	at org.springframework.aop.framework.ReflectiveMethodInvocation.proceed(ReflectiveMethodInvocation.java:185)
	at org.springframework.aop.framework.CglibAopProxy$DynamicAdvisedInterceptor.intercept(CglibAopProxy.java:688)
	at com.vingsoft.oa.open.doc.controller.DocKnowledgeController$$EnhancerBySpringCGLIB$$58a13ea1.getKnowledgeClassify(<generated>)
	... 76 more
2020-07-16 16:50:47 下午 [Thread: http-nio-2020-exec-7][ Class:MyExceptionHandler >> Method: com.vingsoft.exception.MyExceptionHandler.errorHandler(MyExceptionHandler.java:38) ]
ERROR:java.sql.SQLException: sql injection violation, syntax error: syntax error, error in :'rder by k.create_date desc
	
',expect BY, actual BY by : 	select
count(1)	from zsk_doc_knowledge k left join zsk_knowledge_classify c on k.doc_classify = c.uuid  
	where 1=1 and 
	order by k.create_date desc
	

org.beetl.sql.core.BeetlSQLException: java.sql.SQLException: sql injection violation, syntax error: syntax error, error in :'rder by k.create_date desc
	
',expect BY, actual BY by : 	select
count(1)	from zsk_doc_knowledge k left join zsk_knowledge_classify c on k.doc_classify = c.uuid  
	where 1=1 and 
	order by k.create_date desc
	

	at org.beetl.sql.core.SQLScript.select(SQLScript.java:372)
	at org.beetl.sql.core.SQLScript.select(SQLScript.java:380)
	at org.beetl.sql.core.SQLScript.selectSingle(SQLScript.java:293)
	at org.beetl.sql.core.SQLManager.selectSingle(SQLManager.java:974)
	at org.beetl.sql.core.SQLManager.pageQuery(SQLManager.java:634)
	at org.beetl.sql.core.SQLManager.pageQuery(SQLManager.java:586)
	at com.vingsoft.oa.common.base.BaseService.findPage(BaseService.java:79)
	at com.vingsoft.oa.open.doc.service.DocKnowledgeService.findPage(DocKnowledgeService.java:34)
	at com.vingsoft.oa.open.doc.service.DocKnowledgeService$$FastClassBySpringCGLIB$$2d999ccd.invoke(<generated>)
	at org.springframework.cglib.proxy.MethodProxy.invoke(MethodProxy.java:204)
	at org.springframework.aop.framework.CglibAopProxy$CglibMethodInvocation.invokeJoinpoint(CglibAopProxy.java:746)
	at org.springframework.aop.framework.ReflectiveMethodInvocation.proceed(ReflectiveMethodInvocation.java:163)
	at org.springframework.transaction.interceptor.TransactionAspectSupport.invokeWithinTransaction(TransactionAspectSupport.java:294)
	at org.springframework.transaction.interceptor.TransactionInterceptor.invoke(TransactionInterceptor.java:98)
	at org.springframework.aop.framework.ReflectiveMethodInvocation.proceed(ReflectiveMethodInvocation.java:185)
	at org.springframework.aop.framework.CglibAopProxy$DynamicAdvisedInterceptor.intercept(CglibAopProxy.java:688)
	at com.vingsoft.oa.open.doc.service.DocKnowledgeService$$EnhancerBySpringCGLIB$$3e2c76b7.findPage(<generated>)
	at com.vingsoft.oa.open.doc.service.DocKnowledgeService$$FastClassBySpringCGLIB$$2d999ccd.invoke(<generated>)
	at org.springframework.cglib.proxy.MethodProxy.invoke(MethodProxy.java:204)
	at org.springframework.aop.framework.CglibAopProxy$CglibMethodInvocation.invokeJoinpoint(CglibAopProxy.java:746)
	at org.springframework.aop.framework.ReflectiveMethodInvocation.proceed(ReflectiveMethodInvocation.java:163)
	at org.springframework.transaction.interceptor.TransactionAspectSupport.invokeWithinTransaction(TransactionAspectSupport.java:294)
	at org.springframework.transaction.interceptor.TransactionInterceptor.invoke(TransactionInterceptor.java:98)
	at org.springframework.aop.framework.ReflectiveMethodInvocation.proceed(ReflectiveMethodInvocation.java:185)
	at org.springframework.aop.framework.CglibAopProxy$DynamicAdvisedInterceptor.intercept(CglibAopProxy.java:688)
	at com.vingsoft.oa.open.doc.service.DocKnowledgeService$$EnhancerBySpringCGLIB$$e2e5d3.findPage(<generated>)
	at com.vingsoft.oa.open.doc.controller.DocKnowledgeController.getKnowledgeClassify(DocKnowledgeController.java:691)
	at com.vingsoft.oa.open.doc.controller.DocKnowledgeController$$FastClassBySpringCGLIB$$d994a7cb.invoke(<generated>)
	at org.springframework.cglib.proxy.MethodProxy.invoke(MethodProxy.java:204)
	at org.springframework.aop.framework.CglibAopProxy$CglibMethodInvocation.invokeJoinpoint(CglibAopProxy.java:746)
	at org.springframework.aop.framework.ReflectiveMethodInvocation.proceed(ReflectiveMethodInvocation.java:163)
	at org.springframework.transaction.interceptor.TransactionAspectSupport.invokeWithinTransaction(TransactionAspectSupport.java:294)
	at org.springframework.transaction.interceptor.TransactionInterceptor.invoke(TransactionInterceptor.java:98)
	at org.springframework.aop.framework.ReflectiveMethodInvocation.proceed(ReflectiveMethodInvocation.java:185)
	at org.springframework.aop.framework.CglibAopProxy$DynamicAdvisedInterceptor.intercept(CglibAopProxy.java:688)
	at com.vingsoft.oa.open.doc.controller.DocKnowledgeController$$EnhancerBySpringCGLIB$$9ea56671.getKnowledgeClassify(<generated>)
	at com.vingsoft.oa.open.doc.controller.DocKnowledgeController$$FastClassBySpringCGLIB$$d994a7cb.invoke(<generated>)
	at org.springframework.cglib.proxy.MethodProxy.invoke(MethodProxy.java:204)
	at org.springframework.aop.framework.CglibAopProxy$CglibMethodInvocation.invokeJoinpoint(CglibAopProxy.java:746)
	at org.springframework.aop.framework.ReflectiveMethodInvocation.proceed(ReflectiveMethodInvocation.java:163)
	at org.springframework.transaction.interceptor.TransactionAspectSupport.invokeWithinTransaction(TransactionAspectSupport.java:294)
	at org.springframework.transaction.interceptor.TransactionInterceptor.invoke(TransactionInterceptor.java:98)
	at org.springframework.aop.framework.ReflectiveMethodInvocation.proceed(ReflectiveMethodInvocation.java:185)
	at org.springframework.aop.framework.CglibAopProxy$DynamicAdvisedInterceptor.intercept(CglibAopProxy.java:688)
	at com.vingsoft.oa.open.doc.controller.DocKnowledgeController$$EnhancerBySpringCGLIB$$58a13ea1.getKnowledgeClassify(<generated>)
	at sun.reflect.NativeMethodAccessorImpl.invoke0(Native Method)
	at sun.reflect.NativeMethodAccessorImpl.invoke(NativeMethodAccessorImpl.java:62)
	at sun.reflect.DelegatingMethodAccessorImpl.invoke(DelegatingMethodAccessorImpl.java:43)
	at java.lang.reflect.Method.invoke(Method.java:498)
	at org.springframework.web.method.support.InvocableHandlerMethod.doInvoke(InvocableHandlerMethod.java:209)
	at org.springframework.web.method.support.InvocableHandlerMethod.invokeForRequest(InvocableHandlerMethod.java:136)
	at org.springframework.web.servlet.mvc.method.annotation.ServletInvocableHandlerMethod.invokeAndHandle(ServletInvocableHandlerMethod.java:102)
	at org.springframework.web.servlet.mvc.method.annotation.RequestMappingHandlerAdapter.invokeHandlerMethod(RequestMappingHandlerAdapter.java:891)
	at org.springframework.web.servlet.mvc.method.annotation.RequestMappingHandlerAdapter.handleInternal(RequestMappingHandlerAdapter.java:797)
	at org.springframework.web.servlet.mvc.method.AbstractHandlerMethodAdapter.handle(AbstractHandlerMethodAdapter.java:87)
	at org.springframework.web.servlet.DispatcherServlet.doDispatch(DispatcherServlet.java:991)
	at org.springframework.web.servlet.DispatcherServlet.doService(DispatcherServlet.java:925)
	at org.springframework.web.servlet.FrameworkServlet.processRequest(FrameworkServlet.java:981)
	at org.springframework.web.servlet.FrameworkServlet.doGet(FrameworkServlet.java:873)
	at javax.servlet.http.HttpServlet.service(HttpServlet.java:635)
	at org.springframework.web.servlet.FrameworkServlet.service(FrameworkServlet.java:858)
	at javax.servlet.http.HttpServlet.service(HttpServlet.java:742)
	at org.apache.catalina.core.ApplicationFilterChain.internalDoFilter(ApplicationFilterChain.java:231)
	at org.apache.catalina.core.ApplicationFilterChain.doFilter(ApplicationFilterChain.java:166)
	at org.apache.tomcat.websocket.server.WsFilter.doFilter(WsFilter.java:52)
	at org.apache.catalina.core.ApplicationFilterChain.internalDoFilter(ApplicationFilterChain.java:193)
	at org.apache.catalina.core.ApplicationFilterChain.doFilter(ApplicationFilterChain.java:166)
	at org.apache.shiro.web.servlet.AdviceFilter.executeChain(AdviceFilter.java:108)
	at org.apache.shiro.web.servlet.AdviceFilter.doFilterInternal(AdviceFilter.java:137)
	at org.apache.shiro.web.servlet.OncePerRequestFilter.doFilter(OncePerRequestFilter.java:125)
	at org.apache.catalina.core.ApplicationFilterChain.internalDoFilter(ApplicationFilterChain.java:193)
	at org.apache.catalina.core.ApplicationFilterChain.doFilter(ApplicationFilterChain.java:166)
	at org.apache.shiro.web.servlet.ProxiedFilterChain.doFilter(ProxiedFilterChain.java:61)
	at org.apache.shiro.web.servlet.AdviceFilter.executeChain(AdviceFilter.java:108)
	at org.apache.shiro.web.servlet.AdviceFilter.doFilterInternal(AdviceFilter.java:137)
	at org.apache.shiro.web.servlet.OncePerRequestFilter.doFilter(OncePerRequestFilter.java:125)
	at org.apache.shiro.web.servlet.ProxiedFilterChain.doFilter(ProxiedFilterChain.java:66)
	at org.apache.shiro.web.servlet.AbstractShiroFilter.executeChain(AbstractShiroFilter.java:449)
	at org.apache.shiro.web.servlet.AbstractShiroFilter$1.call(AbstractShiroFilter.java:365)
	at org.apache.shiro.subject.support.SubjectCallable.doCall(SubjectCallable.java:90)
	at org.apache.shiro.subject.support.SubjectCallable.call(SubjectCallable.java:83)
	at org.apache.shiro.subject.support.DelegatingSubject.execute(DelegatingSubject.java:387)
	at org.apache.shiro.web.servlet.AbstractShiroFilter.doFilterInternal(AbstractShiroFilter.java:362)
	at org.apache.shiro.web.servlet.OncePerRequestFilter.doFilter(OncePerRequestFilter.java:125)
	at org.apache.catalina.core.ApplicationFilterChain.internalDoFilter(ApplicationFilterChain.java:193)
	at org.apache.catalina.core.ApplicationFilterChain.doFilter(ApplicationFilterChain.java:166)
	at com.alibaba.druid.support.http.WebStatFilter.doFilter(WebStatFilter.java:123)
	at org.apache.catalina.core.ApplicationFilterChain.internalDoFilter(ApplicationFilterChain.java:193)
	at org.apache.catalina.core.ApplicationFilterChain.doFilter(ApplicationFilterChain.java:166)
	at org.springframework.web.filter.RequestContextFilter.doFilterInternal(RequestContextFilter.java:99)
	at org.springframework.web.filter.OncePerRequestFilter.doFilter(OncePerRequestFilter.java:107)
	at org.apache.catalina.core.ApplicationFilterChain.internalDoFilter(ApplicationFilterChain.java:193)
	at org.apache.catalina.core.ApplicationFilterChain.doFilter(ApplicationFilterChain.java:166)
	at org.springframework.web.filter.HttpPutFormContentFilter.doFilterInternal(HttpPutFormContentFilter.java:109)
	at org.springframework.web.filter.OncePerRequestFilter.doFilter(OncePerRequestFilter.java:107)
	at org.apache.catalina.core.ApplicationFilterChain.internalDoFilter(ApplicationFilterChain.java:193)
	at org.apache.catalina.core.ApplicationFilterChain.doFilter(ApplicationFilterChain.java:166)
	at org.springframework.web.filter.HiddenHttpMethodFilter.doFilterInternal(HiddenHttpMethodFilter.java:93)
	at org.springframework.web.filter.OncePerRequestFilter.doFilter(OncePerRequestFilter.java:107)
	at org.apache.catalina.core.ApplicationFilterChain.internalDoFilter(ApplicationFilterChain.java:193)
	at org.apache.catalina.core.ApplicationFilterChain.doFilter(ApplicationFilterChain.java:166)
	at org.springframework.web.filter.CharacterEncodingFilter.doFilterInternal(CharacterEncodingFilter.java:200)
	at org.springframework.web.filter.OncePerRequestFilter.doFilter(OncePerRequestFilter.java:107)
	at org.apache.catalina.core.ApplicationFilterChain.internalDoFilter(ApplicationFilterChain.java:193)
	at org.apache.catalina.core.ApplicationFilterChain.doFilter(ApplicationFilterChain.java:166)
	at org.apache.catalina.core.StandardWrapperValve.invoke(StandardWrapperValve.java:198)
	at org.apache.catalina.core.StandardContextValve.invoke(StandardContextValve.java:96)
	at org.apache.catalina.authenticator.AuthenticatorBase.invoke(AuthenticatorBase.java:493)
	at org.apache.catalina.core.StandardHostValve.invoke(StandardHostValve.java:140)
	at org.apache.catalina.valves.ErrorReportValve.invoke(ErrorReportValve.java:81)
	at org.apache.catalina.core.StandardEngineValve.invoke(StandardEngineValve.java:87)
	at org.apache.catalina.connector.CoyoteAdapter.service(CoyoteAdapter.java:342)
	at org.apache.coyote.http11.Http11Processor.service(Http11Processor.java:800)
	at org.apache.coyote.AbstractProcessorLight.process(AbstractProcessorLight.java:66)
	at org.apache.coyote.AbstractProtocol$ConnectionHandler.process(AbstractProtocol.java:806)
	at org.apache.tomcat.util.net.NioEndpoint$SocketProcessor.doRun(NioEndpoint.java:1498)
	at org.apache.tomcat.util.net.SocketProcessorBase.run(SocketProcessorBase.java:49)
	at java.util.concurrent.ThreadPoolExecutor.runWorker(ThreadPoolExecutor.java:1149)
	at java.util.concurrent.ThreadPoolExecutor$Worker.run(ThreadPoolExecutor.java:624)
	at org.apache.tomcat.util.threads.TaskThread$WrappingRunnable.run(TaskThread.java:61)
	at java.lang.Thread.run(Thread.java:748)
Caused by: java.sql.SQLException: sql injection violation, syntax error: syntax error, error in :'rder by k.create_date desc
	
',expect BY, actual BY by : 	select
count(1)	from zsk_doc_knowledge k left join zsk_knowledge_classify c on k.doc_classify = c.uuid  
	where 1=1 and 
	order by k.create_date desc
	

	at com.alibaba.druid.wall.WallFilter.check(WallFilter.java:724)
	at com.alibaba.druid.wall.WallFilter.connection_prepareStatement(WallFilter.java:252)
	at com.alibaba.druid.filter.FilterChainImpl.connection_prepareStatement(FilterChainImpl.java:448)
	at com.alibaba.druid.filter.FilterAdapter.connection_prepareStatement(FilterAdapter.java:928)
	at com.alibaba.druid.filter.FilterEventAdapter.connection_prepareStatement(FilterEventAdapter.java:122)
	at com.alibaba.druid.filter.FilterChainImpl.connection_prepareStatement(FilterChainImpl.java:448)
	at com.alibaba.druid.proxy.jdbc.ConnectionProxyImpl.prepareStatement(ConnectionProxyImpl.java:342)
	at com.alibaba.druid.pool.DruidPooledConnection.prepareStatement(DruidPooledConnection.java:331)
	at org.beetl.sql.core.SQLScript.select(SQLScript.java:342)
	... 120 more
Caused by: com.alibaba.druid.sql.parser.ParserException: syntax error, error in :'rder by k.create_date desc
	
',expect BY, actual BY by
	at com.alibaba.druid.sql.parser.SQLParser.printError(SQLParser.java:239)
	at com.alibaba.druid.sql.parser.SQLStatementParser.parseStatementList(SQLStatementParser.java:424)
	at com.alibaba.druid.sql.parser.SQLStatementParser.parseStatementList(SQLStatementParser.java:147)
	at com.alibaba.druid.wall.WallProvider.checkInternal(WallProvider.java:620)
	at com.alibaba.druid.wall.WallProvider.check(WallProvider.java:574)
	at com.alibaba.druid.wall.WallFilter.check(WallFilter.java:711)
	... 128 more
2020-07-16 16:51:11 下午 [Thread: Thread-27][ Class:org.quartz.core.QuartzScheduler >> Method: org.quartz.core.QuartzScheduler.standby(QuartzScheduler.java:585) ]
INFO:Scheduler scheduler_$_NON_CLUSTERED paused.
2020-07-16 16:51:11 下午 [Thread: Thread-27][ Class:org.quartz.core.QuartzScheduler >> Method: org.quartz.core.QuartzScheduler.shutdown(QuartzScheduler.java:666) ]
INFO:Scheduler scheduler_$_NON_CLUSTERED shutting down.
2020-07-16 16:51:11 下午 [Thread: Thread-27][ Class:org.quartz.core.QuartzScheduler >> Method: org.quartz.core.QuartzScheduler.standby(QuartzScheduler.java:585) ]
INFO:Scheduler scheduler_$_NON_CLUSTERED paused.
2020-07-16 16:51:11 下午 [Thread: Thread-27][ Class:org.quartz.core.QuartzScheduler >> Method: org.quartz.core.QuartzScheduler.shutdown(QuartzScheduler.java:740) ]
INFO:Scheduler scheduler_$_NON_CLUSTERED shutdown complete.
2020-07-16 16:51:12 下午 [Thread: Thread-27][ Class:com.alibaba.druid.pool.DruidDataSource >> Method: com.alibaba.druid.pool.DruidDataSource.close(DruidDataSource.java:1444) ]
INFO:{dataSource-1} closed
2020-07-16 16:51:20 下午 [Thread: main][ Class:org.springframework.data.repository.config.RepositoryConfigurationDelegate >> Method: org.springframework.data.repository.config.RepositoryConfigurationDelegate.multipleStoresDetected(RepositoryConfigurationDelegate.java:172) ]
INFO:Multiple Spring Data modules found, entering strict repository configuration mode!
2020-07-16 16:51:20 下午 [Thread: main][ Class:org.springframework.data.repository.config.RepositoryConfigurationDelegate >> Method: org.springframework.data.repository.config.RepositoryConfigurationDelegate.multipleStoresDetected(RepositoryConfigurationDelegate.java:172) ]
INFO:Multiple Spring Data modules found, entering strict repository configuration mode!
2020-07-16 16:51:23 下午 [Thread: main][ Class:com.alibaba.druid.pool.DruidDataSource >> Method: com.alibaba.druid.pool.DruidDataSource.init(DruidDataSource.java:715) ]
INFO:{dataSource-1} inited
2020-07-16 16:51:25 下午 [Thread: main][ Class:org.quartz.impl.StdSchedulerFactory >> Method: org.quartz.impl.StdSchedulerFactory.instantiate(StdSchedulerFactory.java:1208) ]
INFO:Using default implementation for ThreadExecutor
2020-07-16 16:51:25 下午 [Thread: main][ Class:org.quartz.core.SchedulerSignalerImpl >> Method: org.quartz.core.SchedulerSignalerImpl.<init>(SchedulerSignalerImpl.java:61) ]
INFO:Initialized Scheduler Signaller of type: class org.quartz.core.SchedulerSignalerImpl
2020-07-16 16:51:25 下午 [Thread: main][ Class:org.quartz.core.QuartzScheduler >> Method: org.quartz.core.QuartzScheduler.<init>(QuartzScheduler.java:229) ]
INFO:Quartz Scheduler v.2.3.0 created.
2020-07-16 16:51:25 下午 [Thread: main][ Class:org.quartz.simpl.RAMJobStore >> Method: org.quartz.simpl.RAMJobStore.initialize(RAMJobStore.java:155) ]
INFO:RAMJobStore initialized.
2020-07-16 16:51:25 下午 [Thread: main][ Class:org.quartz.core.QuartzScheduler >> Method: org.quartz.core.QuartzScheduler.initialize(QuartzScheduler.java:294) ]
INFO:Scheduler meta-data: Quartz Scheduler (v2.3.0) 'scheduler' with instanceId 'NON_CLUSTERED'
  Scheduler class: 'org.quartz.core.QuartzScheduler' - running locally.
  NOT STARTED.
  Currently in standby mode.
  Number of jobs executed: 0
  Using thread pool 'org.quartz.simpl.SimpleThreadPool' - with 10 threads.
  Using job-store 'org.quartz.simpl.RAMJobStore' - which does not support persistence. and is not clustered.

2020-07-16 16:51:25 下午 [Thread: main][ Class:org.quartz.impl.StdSchedulerFactory >> Method: org.quartz.impl.StdSchedulerFactory.instantiate(StdSchedulerFactory.java:1362) ]
INFO:Quartz scheduler 'scheduler' initialized from an externally provided properties instance.
2020-07-16 16:51:25 下午 [Thread: main][ Class:org.quartz.impl.StdSchedulerFactory >> Method: org.quartz.impl.StdSchedulerFactory.instantiate(StdSchedulerFactory.java:1366) ]
INFO:Quartz scheduler version: 2.3.0
2020-07-16 16:51:25 下午 [Thread: main][ Class:org.quartz.core.QuartzScheduler >> Method: org.quartz.core.QuartzScheduler.setJobFactory(QuartzScheduler.java:2287) ]
INFO:JobFactory set to: org.springframework.scheduling.quartz.AdaptableJobFactory@63734973
2020-07-16 16:51:27 下午 [Thread: main][ Class:springfox.documentation.spring.web.plugins.DocumentationPluginsBootstrapper >> Method: springfox.documentation.spring.web.plugins.DocumentationPluginsBootstrapper.start(DocumentationPluginsBootstrapper.java:160) ]
INFO:Context refreshed
2020-07-16 16:51:27 下午 [Thread: main][ Class:springfox.documentation.spring.web.plugins.DocumentationPluginsBootstrapper >> Method: springfox.documentation.spring.web.plugins.DocumentationPluginsBootstrapper.start(DocumentationPluginsBootstrapper.java:163) ]
INFO:Found 1 custom documentation plugin(s)
2020-07-16 16:51:27 下午 [Thread: main][ Class:springfox.documentation.spring.web.scanners.ApiListingReferenceScanner >> Method: springfox.documentation.spring.web.scanners.ApiListingReferenceScanner.scan(ApiListingReferenceScanner.java:41) ]
INFO:Scanning for api listing references
2020-07-16 16:51:27 下午 [Thread: main][ Class:com.vingsoft.OaApplication >> Method: com.vingsoft.OaApplication.main(OaApplication.java:53) ]
INFO:Oa Application is sussess!
2020-07-16 16:51:28 下午 [Thread: Quartz Scheduler [scheduler]][ Class:org.quartz.core.QuartzScheduler >> Method: org.quartz.core.QuartzScheduler.start(QuartzScheduler.java:547) ]
INFO:Scheduler scheduler_$_NON_CLUSTERED started.
2020-07-16 16:51:28 下午 [Thread: scheduler_Worker-1][ Class:io.lettuce.core.EpollProvider >> Method: io.lettuce.core.EpollProvider.<clinit>(EpollProvider.java:68) ]
INFO:Starting without optional epoll library
2020-07-16 16:51:28 下午 [Thread: scheduler_Worker-1][ Class:io.lettuce.core.KqueueProvider >> Method: io.lettuce.core.KqueueProvider.<clinit>(KqueueProvider.java:70) ]
INFO:Starting without optional kqueue library
2020-07-16 17:35:30 下午 [Thread: Thread-26][ Class:org.quartz.core.QuartzScheduler >> Method: org.quartz.core.QuartzScheduler.standby(QuartzScheduler.java:585) ]
INFO:Scheduler scheduler_$_NON_CLUSTERED paused.
2020-07-16 17:35:30 下午 [Thread: Thread-26][ Class:org.quartz.core.QuartzScheduler >> Method: org.quartz.core.QuartzScheduler.shutdown(QuartzScheduler.java:666) ]
INFO:Scheduler scheduler_$_NON_CLUSTERED shutting down.
2020-07-16 17:35:30 下午 [Thread: Thread-26][ Class:org.quartz.core.QuartzScheduler >> Method: org.quartz.core.QuartzScheduler.standby(QuartzScheduler.java:585) ]
INFO:Scheduler scheduler_$_NON_CLUSTERED paused.
2020-07-16 17:35:30 下午 [Thread: Thread-26][ Class:org.quartz.core.QuartzScheduler >> Method: org.quartz.core.QuartzScheduler.shutdown(QuartzScheduler.java:740) ]
INFO:Scheduler scheduler_$_NON_CLUSTERED shutdown complete.
2020-07-16 17:35:31 下午 [Thread: Thread-26][ Class:com.alibaba.druid.pool.DruidDataSource >> Method: com.alibaba.druid.pool.DruidDataSource.close(DruidDataSource.java:1444) ]
INFO:{dataSource-1} closed
